#
# There is insufficient memory for the Java Runtime Environment to continue.
# Native memory allocation (malloc) failed to allocate 32744 bytes for ChunkPool::allocate
# Possible reasons:
#   The system is out of physical RAM or swap space
#   The process is running with CompressedOops enabled, and the Java Heap may be blocking the growth of the native heap
# Possible solutions:
#   Reduce memory load on the system
#   Increase physical memory or swap space
#   Check if swap backing store is full
#   Decrease Java heap size (-Xmx/-Xms)
#   Decrease number of Java threads
#   Decrease Java thread stack sizes (-Xss)
#   Set larger code cache with -XX:ReservedCodeCacheSize=
#   JVM is running with Unscaled Compressed Oops mode in which the Java heap is
#     placed in the first 4GB address space. The Java Heap base address is the
#     maximum limit for the native heap growth. Please use -XX:HeapBaseMinAddress
#     to set the Java Heap base and to place the Java Heap above 4GB virtual address.
# This output file may be truncated or incomplete.
#
#  Out of Memory Error (arena.cpp:78), pid=10540, tid=8136
#
# JRE version: Java(TM) SE Runtime Environment (17.0.7+8) (build 17.0.7+8-LTS-224)
# Java VM: Java HotSpot(TM) 64-Bit Server VM (17.0.7+8-LTS-224, mixed mode, sharing, tiered, compressed oops, compressed class ptrs, g1 gc, windows-amd64)
# No core dump will be written. Minidumps are not enabled by default on client versions of Windows
#

---------------  S U M M A R Y ------------

Command Line: -javaagent:C:\Program Files\JetBrains\IntelliJ IDEA Community Edition 2023.1\lib\idea_rt.jar=53279:C:\Program Files\JetBrains\IntelliJ IDEA Community Edition 2023.1\bin -Dfile.encoding=UTF-8 com.project.WarmyHomesApplication

Host: AMD Ryzen 3 3250U with Radeon Graphics         , 4 cores, 3G,  Windows 11 , 64 bit Build 22621 (10.0.22621.3374)
Time: Fri May 17 17:02:27 2024 Türkiye Standart Saati elapsed time: 10.902047 seconds (0d 0h 0m 10s)

---------------  T H R E A D  ---------------

Current thread (0x000001ad26aee6f0):  JavaThread "C2 CompilerThread0" daemon [_thread_in_native, id=8136, stack(0x000000a3e3300000,0x000000a3e3400000)]


Current CompileTask:
C2:  10902 6170       4       jdk.internal.org.objectweb.asm.Frame::execute (2305 bytes)

Stack: [0x000000a3e3300000,0x000000a3e3400000]
Native frames: (J=compiled Java code, j=interpreted, Vv=VM code, C=native code)
V  [jvm.dll+0x676a4a]
V  [jvm.dll+0x7d74f4]
V  [jvm.dll+0x7d8c9e]
V  [jvm.dll+0x7d9303]
V  [jvm.dll+0x2452c5]
V  [jvm.dll+0xaac80]
V  [jvm.dll+0xaafcc]
V  [jvm.dll+0x3665ed]
V  [jvm.dll+0x560a46]
V  [jvm.dll+0x32bbd0]
V  [jvm.dll+0x32b03a]
V  [jvm.dll+0x217acf]
V  [jvm.dll+0x216f01]
V  [jvm.dll+0x1a35e0]
V  [jvm.dll+0x226a6e]
V  [jvm.dll+0x224e15]
V  [jvm.dll+0x78d05c]
V  [jvm.dll+0x78759a]
V  [jvm.dll+0x675875]
C  [ucrtbase.dll+0x29333]
C  [KERNEL32.DLL+0x1257d]
C  [ntdll.dll+0x5aa48]


---------------  P R O C E S S  ---------------

Threads class SMR info:
_java_thread_list=0x000001ad2aec0190, length=17, elements={
0x000001ad0bdcd900, 0x000001ad0be77220, 0x000001ad0be78830, 0x000001ad0be8a710,
0x000001ad0be8b2c0, 0x000001ad0be8dd80, 0x000001ad0be8e730, 0x000001ad26aee6f0,
0x000001ad26aeeff0, 0x000001ad26af5e30, 0x000001ad26aec580, 0x000001ad278fac80,
0x000001ad278fb150, 0x000001ad27e90c40, 0x000001ad27f142e0, 0x000001ad28ac1370,
0x000001ad28eb8330
}

Java Threads: ( => current thread )
  0x000001ad0bdcd900 JavaThread "main" [_thread_blocked, id=11632, stack(0x000000a3e2600000,0x000000a3e2700000)]
  0x000001ad0be77220 JavaThread "Reference Handler" daemon [_thread_blocked, id=11160, stack(0x000000a3e2d00000,0x000000a3e2e00000)]
  0x000001ad0be78830 JavaThread "Finalizer" daemon [_thread_blocked, id=11140, stack(0x000000a3e2e00000,0x000000a3e2f00000)]
  0x000001ad0be8a710 JavaThread "Signal Dispatcher" daemon [_thread_blocked, id=1500, stack(0x000000a3e2f00000,0x000000a3e3000000)]
  0x000001ad0be8b2c0 JavaThread "Attach Listener" daemon [_thread_blocked, id=11104, stack(0x000000a3e3000000,0x000000a3e3100000)]
  0x000001ad0be8dd80 JavaThread "Service Thread" daemon [_thread_blocked, id=2508, stack(0x000000a3e3100000,0x000000a3e3200000)]
  0x000001ad0be8e730 JavaThread "Monitor Deflation Thread" daemon [_thread_blocked, id=5844, stack(0x000000a3e3200000,0x000000a3e3300000)]
=>0x000001ad26aee6f0 JavaThread "C2 CompilerThread0" daemon [_thread_in_native, id=8136, stack(0x000000a3e3300000,0x000000a3e3400000)]
  0x000001ad26aeeff0 JavaThread "C1 CompilerThread0" daemon [_thread_blocked, id=5584, stack(0x000000a3e3400000,0x000000a3e3500000)]
  0x000001ad26af5e30 JavaThread "Sweeper thread" daemon [_thread_blocked, id=6252, stack(0x000000a3e3500000,0x000000a3e3600000)]
  0x000001ad26aec580 JavaThread "Common-Cleaner" daemon [_thread_blocked, id=10732, stack(0x000000a3e3600000,0x000000a3e3700000)]
  0x000001ad278fac80 JavaThread "Monitor Ctrl-Break" daemon [_thread_in_native, id=6020, stack(0x000000a3e3700000,0x000000a3e3800000)]
  0x000001ad278fb150 JavaThread "Notification Thread" daemon [_thread_blocked, id=10676, stack(0x000000a3e3800000,0x000000a3e3900000)]
  0x000001ad27e90c40 JavaThread "Thread-0" [_thread_blocked, id=9852, stack(0x000000a3e3e00000,0x000000a3e3f00000)]
  0x000001ad27f142e0 JavaThread "restartedMain" [_thread_in_vm, id=14940, stack(0x000000a3e3f00000,0x000000a3e4000000)]
  0x000001ad28ac1370 JavaThread "HikariPool-1 housekeeper" daemon [_thread_blocked, id=10804, stack(0x000000a3e4100000,0x000000a3e4200000)]
  0x000001ad28eb8330 JavaThread "HikariPool-1 connection adder" daemon [_thread_blocked, id=13048, stack(0x000000a3e4200000,0x000000a3e4300000)]

Other Threads:
  0x000001ad0be6ee70 VMThread "VM Thread" [stack: 0x000000a3e2c00000,0x000000a3e2d00000] [id=14216]
  0x000001ad278fec60 WatcherThread [stack: 0x000000a3e3900000,0x000000a3e3a00000] [id=12332]
  0x000001ad0be03c00 GCTaskThread "GC Thread#0" [stack: 0x000000a3e2700000,0x000000a3e2800000] [id=7796]
  0x000001ad27f27300 GCTaskThread "GC Thread#1" [stack: 0x000000a3e3a00000,0x000000a3e3b00000] [id=7132]
  0x000001ad28426d00 GCTaskThread "GC Thread#2" [stack: 0x000000a3e3b00000,0x000000a3e3c00000] [id=12880]
  0x000001ad280feca0 GCTaskThread "GC Thread#3" [stack: 0x000000a3e3c00000,0x000000a3e3d00000] [id=7760]
  0x000001ad0be0b780 ConcurrentGCThread "G1 Main Marker" [stack: 0x000000a3e2800000,0x000000a3e2900000] [id=4564]
  0x000001ad0be0c930 ConcurrentGCThread "G1 Conc#0" [stack: 0x000000a3e2900000,0x000000a3e2a00000] [id=1544]
  0x000001ad0be49410 ConcurrentGCThread "G1 Refine#0" [stack: 0x000000a3e2a00000,0x000000a3e2b00000] [id=8844]
  0x000001ad280fb620 ConcurrentGCThread "G1 Refine#1" [stack: 0x000000a3e3d00000,0x000000a3e3e00000] [id=13824]
  0x000001ad0be49e30 ConcurrentGCThread "G1 Service" [stack: 0x000000a3e2b00000,0x000000a3e2c00000] [id=9704]

Threads with active compile tasks:
C2 CompilerThread0    10937 6170       4       jdk.internal.org.objectweb.asm.Frame::execute (2305 bytes)

VM state: not at safepoint (normal execution)

VM Mutex/Monitor currently owned by a thread: None

Heap address: 0x00000000c9e00000, size: 866 MB, Compressed Oops mode: 32-bit

CDS archive(s) mapped at: [0x0000000800000000-0x0000000800bd0000-0x0000000800bd0000), size 12386304, SharedBaseAddress: 0x0000000800000000, ArchiveRelocationMode: 0.
Compressed class space mapped at: 0x0000000800c00000-0x0000000840c00000, reserved size: 1073741824
Narrow klass base: 0x0000000800000000, Narrow klass shift: 0, Narrow klass range: 0x100000000

GC Precious Log:
 CPUs: 4 total, 4 available
 Memory: 3463M
 Large Page Support: Disabled
 NUMA Support: Disabled
 Compressed Oops: Enabled (32-bit)
 Heap Region Size: 1M
 Heap Min Capacity: 8M
 Heap Initial Capacity: 56M
 Heap Max Capacity: 866M
 Pre-touch: Disabled
 Parallel Workers: 4
 Concurrent Workers: 1
 Concurrent Refinement Workers: 4
 Periodic GC: Disabled

Heap:
 garbage-first heap   total 61440K, used 34873K [0x00000000c9e00000, 0x0000000100000000)
  region size 1024K, 12 young (12288K), 2 survivors (2048K)
 Metaspace       used 51562K, committed 51840K, reserved 1097728K
  class space    used 6901K, committed 7040K, reserved 1048576K

Heap Regions: E=young(eden), S=young(survivor), O=old, HS=humongous(starts), HC=humongous(continues), CS=collection set, F=free, OA=open archive, CA=closed archive, TAMS=top-at-mark-start (previous, next)
|   0|0x00000000c9e00000, 0x00000000c9f00000, 0x00000000c9f00000|100%|HS|  |TAMS 0x00000000c9f00000, 0x00000000c9e00000| Complete 
|   1|0x00000000c9f00000, 0x00000000ca000000, 0x00000000ca000000|100%| O|  |TAMS 0x00000000ca000000, 0x00000000c9f00000| Untracked 
|   2|0x00000000ca000000, 0x00000000ca100000, 0x00000000ca100000|100%| O|  |TAMS 0x00000000ca100000, 0x00000000ca000000| Untracked 
|   3|0x00000000ca100000, 0x00000000ca200000, 0x00000000ca200000|100%| O|  |TAMS 0x00000000ca200000, 0x00000000ca100000| Untracked 
|   4|0x00000000ca200000, 0x00000000ca300000, 0x00000000ca300000|100%| O|  |TAMS 0x00000000ca300000, 0x00000000ca200000| Untracked 
|   5|0x00000000ca300000, 0x00000000ca400000, 0x00000000ca400000|100%| O|  |TAMS 0x00000000ca400000, 0x00000000ca300000| Untracked 
|   6|0x00000000ca400000, 0x00000000ca500000, 0x00000000ca500000|100%| O|  |TAMS 0x00000000ca500000, 0x00000000ca400000| Untracked 
|   7|0x00000000ca500000, 0x00000000ca600000, 0x00000000ca600000|100%| O|  |TAMS 0x00000000ca600000, 0x00000000ca500000| Untracked 
|   8|0x00000000ca600000, 0x00000000ca700000, 0x00000000ca700000|100%| O|  |TAMS 0x00000000ca700000, 0x00000000ca600000| Untracked 
|   9|0x00000000ca700000, 0x00000000ca800000, 0x00000000ca800000|100%| O|  |TAMS 0x00000000ca800000, 0x00000000ca700000| Untracked 
|  10|0x00000000ca800000, 0x00000000ca900000, 0x00000000ca900000|100%| O|  |TAMS 0x00000000ca900000, 0x00000000ca800000| Untracked 
|  11|0x00000000ca900000, 0x00000000caa00000, 0x00000000caa00000|100%| O|  |TAMS 0x00000000caa00000, 0x00000000ca900000| Untracked 
|  12|0x00000000caa00000, 0x00000000cab00000, 0x00000000cab00000|100%| O|  |TAMS 0x00000000cab00000, 0x00000000caa00000| Untracked 
|  13|0x00000000cab00000, 0x00000000cac00000, 0x00000000cac00000|100%| O|  |TAMS 0x00000000cac00000, 0x00000000cab00000| Untracked 
|  14|0x00000000cac00000, 0x00000000cad00000, 0x00000000cad00000|100%| O|  |TAMS 0x00000000cad00000, 0x00000000cac00000| Untracked 
|  15|0x00000000cad00000, 0x00000000cae00000, 0x00000000cae00000|100%| O|  |TAMS 0x00000000cae00000, 0x00000000cad00000| Untracked 
|  16|0x00000000cae00000, 0x00000000caf00000, 0x00000000caf00000|100%| O|  |TAMS 0x00000000caf00000, 0x00000000cae00000| Untracked 
|  17|0x00000000caf00000, 0x00000000cb000000, 0x00000000cb000000|100%| O|  |TAMS 0x00000000cb000000, 0x00000000caf00000| Untracked 
|  18|0x00000000cb000000, 0x00000000cb100000, 0x00000000cb100000|100%| O|  |TAMS 0x00000000cb100000, 0x00000000cb000000| Untracked 
|  19|0x00000000cb100000, 0x00000000cb200000, 0x00000000cb200000|100%| O|  |TAMS 0x00000000cb11a400, 0x00000000cb100000| Untracked 
|  20|0x00000000cb200000, 0x00000000cb300000, 0x00000000cb300000|100%| O|  |TAMS 0x00000000cb200000, 0x00000000cb200000| Untracked 
|  21|0x00000000cb300000, 0x00000000cb400000, 0x00000000cb400000|100%| O|  |TAMS 0x00000000cb300000, 0x00000000cb300000| Untracked 
|  22|0x00000000cb400000, 0x00000000cb500000, 0x00000000cb500000|100%| O|  |TAMS 0x00000000cb400000, 0x00000000cb400000| Untracked 
|  23|0x00000000cb500000, 0x00000000cb50e600, 0x00000000cb600000|  5%| O|  |TAMS 0x00000000cb500000, 0x00000000cb500000| Untracked 
|  24|0x00000000cb600000, 0x00000000cb600000, 0x00000000cb700000|  0%| F|  |TAMS 0x00000000cb600000, 0x00000000cb600000| Untracked 
|  25|0x00000000cb700000, 0x00000000cb700000, 0x00000000cb800000|  0%| F|  |TAMS 0x00000000cb700000, 0x00000000cb700000| Untracked 
|  26|0x00000000cb800000, 0x00000000cb800000, 0x00000000cb900000|  0%| F|  |TAMS 0x00000000cb800000, 0x00000000cb800000| Untracked 
|  27|0x00000000cb900000, 0x00000000cb900000, 0x00000000cba00000|  0%| F|  |TAMS 0x00000000cb900000, 0x00000000cb900000| Untracked 
|  28|0x00000000cba00000, 0x00000000cba00000, 0x00000000cbb00000|  0%| F|  |TAMS 0x00000000cba00000, 0x00000000cba00000| Untracked 
|  29|0x00000000cbb00000, 0x00000000cbb00000, 0x00000000cbc00000|  0%| F|  |TAMS 0x00000000cbb00000, 0x00000000cbb00000| Untracked 
|  30|0x00000000cbc00000, 0x00000000cbc00000, 0x00000000cbd00000|  0%| F|  |TAMS 0x00000000cbc00000, 0x00000000cbc00000| Untracked 
|  31|0x00000000cbd00000, 0x00000000cbd00000, 0x00000000cbe00000|  0%| F|  |TAMS 0x00000000cbd00000, 0x00000000cbd00000| Untracked 
|  32|0x00000000cbe00000, 0x00000000cbe00000, 0x00000000cbf00000|  0%| F|  |TAMS 0x00000000cbe00000, 0x00000000cbe00000| Untracked 
|  33|0x00000000cbf00000, 0x00000000cbf00000, 0x00000000cc000000|  0%| F|  |TAMS 0x00000000cbf00000, 0x00000000cbf00000| Untracked 
|  34|0x00000000cc000000, 0x00000000cc100000, 0x00000000cc100000|100%| S|CS|TAMS 0x00000000cc000000, 0x00000000cc000000| Complete 
|  35|0x00000000cc100000, 0x00000000cc200000, 0x00000000cc200000|100%| S|CS|TAMS 0x00000000cc100000, 0x00000000cc100000| Complete 
|  36|0x00000000cc200000, 0x00000000cc200000, 0x00000000cc300000|  0%| F|  |TAMS 0x00000000cc200000, 0x00000000cc200000| Untracked 
|  37|0x00000000cc300000, 0x00000000cc300000, 0x00000000cc400000|  0%| F|  |TAMS 0x00000000cc300000, 0x00000000cc300000| Untracked 
|  38|0x00000000cc400000, 0x00000000cc400000, 0x00000000cc500000|  0%| F|  |TAMS 0x00000000cc400000, 0x00000000cc400000| Untracked 
|  39|0x00000000cc500000, 0x00000000cc500000, 0x00000000cc600000|  0%| F|  |TAMS 0x00000000cc500000, 0x00000000cc500000| Untracked 
|  40|0x00000000cc600000, 0x00000000cc600000, 0x00000000cc700000|  0%| F|  |TAMS 0x00000000cc600000, 0x00000000cc600000| Untracked 
|  41|0x00000000cc700000, 0x00000000cc700000, 0x00000000cc800000|  0%| F|  |TAMS 0x00000000cc700000, 0x00000000cc700000| Untracked 
|  42|0x00000000cc800000, 0x00000000cc800000, 0x00000000cc900000|  0%| F|  |TAMS 0x00000000cc800000, 0x00000000cc800000| Untracked 
|  43|0x00000000cc900000, 0x00000000cc900000, 0x00000000cca00000|  0%| F|  |TAMS 0x00000000cc900000, 0x00000000cc900000| Untracked 
|  44|0x00000000cca00000, 0x00000000cca00000, 0x00000000ccb00000|  0%| F|  |TAMS 0x00000000cca00000, 0x00000000cca00000| Untracked 
|  45|0x00000000ccb00000, 0x00000000ccb00000, 0x00000000ccc00000|  0%| F|  |TAMS 0x00000000ccb00000, 0x00000000ccb00000| Untracked 
|  46|0x00000000ccc00000, 0x00000000ccc00000, 0x00000000ccd00000|  0%| F|  |TAMS 0x00000000ccc00000, 0x00000000ccc00000| Untracked 
|  47|0x00000000ccd00000, 0x00000000ccd00000, 0x00000000cce00000|  0%| F|  |TAMS 0x00000000ccd00000, 0x00000000ccd00000| Untracked 
|  48|0x00000000cce00000, 0x00000000cce00000, 0x00000000ccf00000|  0%| F|  |TAMS 0x00000000cce00000, 0x00000000cce00000| Untracked 
|  49|0x00000000ccf00000, 0x00000000ccf00000, 0x00000000cd000000|  0%| F|  |TAMS 0x00000000ccf00000, 0x00000000ccf00000| Untracked 
|  50|0x00000000cd000000, 0x00000000cd100000, 0x00000000cd100000|100%| E|  |TAMS 0x00000000cd000000, 0x00000000cd000000| Complete 
|  51|0x00000000cd100000, 0x00000000cd200000, 0x00000000cd200000|100%| E|CS|TAMS 0x00000000cd100000, 0x00000000cd100000| Complete 
|  52|0x00000000cd200000, 0x00000000cd300000, 0x00000000cd300000|100%| E|CS|TAMS 0x00000000cd200000, 0x00000000cd200000| Complete 
|  53|0x00000000cd300000, 0x00000000cd400000, 0x00000000cd400000|100%| E|CS|TAMS 0x00000000cd300000, 0x00000000cd300000| Complete 
|  54|0x00000000cd400000, 0x00000000cd500000, 0x00000000cd500000|100%| E|CS|TAMS 0x00000000cd400000, 0x00000000cd400000| Complete 
|  55|0x00000000cd500000, 0x00000000cd600000, 0x00000000cd600000|100%| E|CS|TAMS 0x00000000cd500000, 0x00000000cd500000| Complete 
|  56|0x00000000cd600000, 0x00000000cd700000, 0x00000000cd700000|100%| E|CS|TAMS 0x00000000cd600000, 0x00000000cd600000| Complete 
|  57|0x00000000cd700000, 0x00000000cd800000, 0x00000000cd800000|100%| E|CS|TAMS 0x00000000cd700000, 0x00000000cd700000| Complete 
|  58|0x00000000cd800000, 0x00000000cd900000, 0x00000000cd900000|100%| E|CS|TAMS 0x00000000cd800000, 0x00000000cd800000| Complete 
|  59|0x00000000cd900000, 0x00000000cda00000, 0x00000000cda00000|100%| E|CS|TAMS 0x00000000cd900000, 0x00000000cd900000| Complete 

Card table byte_map: [0x000001ad22800000,0x000001ad229c0000] _byte_map_base: 0x000001ad221b1000

Marking Bits (Prev, Next): (CMBitMap*) 0x000001ad0be04210, (CMBitMap*) 0x000001ad0be04250
 Prev Bits: [0x000001ad22b80000, 0x000001ad23908000)
 Next Bits: [0x000001ad23910000, 0x000001ad24698000)

Polling page: 0x000001ad0b590000

Metaspace:

Usage:
  Non-class:     43.64 MB used.
      Class:      6.74 MB used.
       Both:     50.39 MB used.

Virtual space:
  Non-class space:       48.00 MB reserved,      43.81 MB ( 91%) committed,  6 nodes.
      Class space:        1.00 GB reserved,       6.88 MB ( <1%) committed,  1 nodes.
             Both:        1.05 GB reserved,      50.69 MB (  5%) committed. 

Chunk freelists:
   Non-Class:  3.67 MB
       Class:  960.00 KB
        Both:  4.61 MB

MaxMetaspaceSize: unlimited
CompressedClassSpaceSize: 1.00 GB
Initial GC threshold: 21.00 MB
Current GC threshold: 59.19 MB
CDS: on
MetaspaceReclaimPolicy: balanced
 - commit_granule_bytes: 65536.
 - commit_granule_words: 8192.
 - virtual_space_node_default_size: 1048576.
 - enlarge_chunks_in_place: 1.
 - new_chunks_are_fully_committed: 0.
 - uncommit_free_chunks: 1.
 - use_allocation_guard: 0.
 - handle_deallocations: 1.


Internal statistics:

num_allocs_failed_limit: 6.
num_arena_births: 420.
num_arena_deaths: 0.
num_vsnodes_births: 7.
num_vsnodes_deaths: 0.
num_space_committed: 811.
num_space_uncommitted: 0.
num_chunks_returned_to_freelist: 6.
num_chunks_taken_from_freelist: 2335.
num_chunk_merges: 6.
num_chunk_splits: 1645.
num_chunks_enlarged: 1257.
num_purges: 0.
num_inconsistent_stats: 0.

CodeHeap 'non-profiled nmethods': size=120000Kb used=2584Kb max_used=2584Kb free=117415Kb
 bounds [0x000001ad1b110000, 0x000001ad1b3a0000, 0x000001ad22640000]
CodeHeap 'profiled nmethods': size=120000Kb used=12066Kb max_used=12066Kb free=107933Kb
 bounds [0x000001ad13640000, 0x000001ad14210000, 0x000001ad1ab70000]
CodeHeap 'non-nmethods': size=5760Kb used=1271Kb max_used=1308Kb free=4488Kb
 bounds [0x000001ad1ab70000, 0x000001ad1ade0000, 0x000001ad1b110000]
 total_blobs=6771 nmethods=6192 adapters=490
 compilation: enabled
              stopped_count=0, restarted_count=0
 full_count=0

Compilation events (20 events):
Event: 10.872 Thread 0x000001ad26aeeff0 6220       2       org.springframework.util.ReflectionUtils::doWithMethods (7 bytes)
Event: 10.872 Thread 0x000001ad26aeeff0 nmethod 6220 0x000001ad14203a90 code [0x000001ad14203c20, 0x000001ad14203d28]
Event: 10.872 Thread 0x000001ad26aeeff0 6221       2       org.springframework.util.ReflectionUtils::getAllDeclaredMethods (38 bytes)
Event: 10.872 Thread 0x000001ad26aeeff0 nmethod 6221 0x000001ad14203e10 code [0x000001ad14203fe0, 0x000001ad14204298]
Event: 10.873 Thread 0x000001ad26aeeff0 6222   !   2       org.springframework.util.ReflectionUtils::getDeclaredFields (104 bytes)
Event: 10.874 Thread 0x000001ad26aeeff0 nmethod 6222 0x000001ad14204490 code [0x000001ad14204740, 0x000001ad14204f08]
Event: 10.874 Thread 0x000001ad26aeeff0 6223       2       java.util.stream.Collectors::joining (34 bytes)
Event: 10.875 Thread 0x000001ad26aeeff0 nmethod 6223 0x000001ad14205490 code [0x000001ad14205660, 0x000001ad14205b48]
Event: 10.878 Thread 0x000001ad26aeeff0 6224       2       org.springframework.core.convert.support.GenericConversionService$Converters$$Lambda$88/0x0000000800c8e660::apply (8 bytes)
Event: 10.878 Thread 0x000001ad26aeeff0 nmethod 6224 0x000001ad14205c90 code [0x000001ad14205e40, 0x000001ad142061d8]
Event: 10.878 Thread 0x000001ad26aeeff0 6225       2       org.springframework.core.convert.support.GenericConversionService$Converters::lambda$getMatchableConverters$0 (9 bytes)
Event: 10.879 Thread 0x000001ad26aeeff0 nmethod 6225 0x000001ad14206310 code [0x000001ad142064c0, 0x000001ad142067f8]
Event: 10.879 Thread 0x000001ad26aeeff0 6226       2       org.springframework.core.convert.support.GenericConversionService$ConvertersForPair::<init> (5 bytes)
Event: 10.879 Thread 0x000001ad26aeeff0 nmethod 6226 0x000001ad14206910 code [0x000001ad14206ac0, 0x000001ad14206db8]
Event: 10.879 Thread 0x000001ad26aeeff0 6227       2       org.springframework.core.convert.support.GenericConversionService$ConvertersForPair::<init> (16 bytes)
Event: 10.879 Thread 0x000001ad26aeeff0 nmethod 6227 0x000001ad14206e90 code [0x000001ad14207040, 0x000001ad14207338]
Event: 10.879 Thread 0x000001ad26aeeff0 6228       2       java.util.concurrent.ConcurrentLinkedDeque::<init> (21 bytes)
Event: 10.879 Thread 0x000001ad26aeeff0 nmethod 6228 0x000001ad14207410 code [0x000001ad142075a0, 0x000001ad142077d8]
Event: 10.884 Thread 0x000001ad26aeeff0 6229       2       java.lang.invoke.MethodHandles::constant (88 bytes)
Event: 10.885 Thread 0x000001ad26aeeff0 nmethod 6229 0x000001ad14207890 code [0x000001ad14207b20, 0x000001ad14208338]

GC Heap History (20 events):
Event: 5.624 GC heap before
{Heap before GC invocations=7 (full 0):
 garbage-first heap   total 51200K, used 41283K [0x00000000c9e00000, 0x0000000100000000)
  region size 1024K, 30 young (30720K), 3 survivors (3072K)
 Metaspace       used 24291K, committed 24640K, reserved 1073152K
  class space    used 3081K, committed 3264K, reserved 1048576K
}
Event: 5.630 GC heap after
{Heap after GC invocations=8 (full 0):
 garbage-first heap   total 51200K, used 15411K [0x00000000c9e00000, 0x0000000100000000)
  region size 1024K, 4 young (4096K), 4 survivors (4096K)
 Metaspace       used 24291K, committed 24640K, reserved 1073152K
  class space    used 3081K, committed 3264K, reserved 1048576K
}
Event: 5.660 GC heap before
{Heap before GC invocations=8 (full 0):
 garbage-first heap   total 51200K, used 16435K [0x00000000c9e00000, 0x0000000100000000)
  region size 1024K, 5 young (5120K), 4 survivors (4096K)
 Metaspace       used 24475K, committed 24768K, reserved 1073152K
  class space    used 3105K, committed 3264K, reserved 1048576K
}
Event: 5.665 GC heap after
{Heap after GC invocations=9 (full 0):
 garbage-first heap   total 51200K, used 15806K [0x00000000c9e00000, 0x0000000100000000)
  region size 1024K, 1 young (1024K), 1 survivors (1024K)
 Metaspace       used 24475K, committed 24768K, reserved 1073152K
  class space    used 3105K, committed 3264K, reserved 1048576K
}
Event: 6.395 GC heap before
{Heap before GC invocations=9 (full 0):
 garbage-first heap   total 51200K, used 38334K [0x00000000c9e00000, 0x0000000100000000)
  region size 1024K, 23 young (23552K), 1 survivors (1024K)
 Metaspace       used 28446K, committed 28864K, reserved 1081344K
  class space    used 3700K, committed 3904K, reserved 1048576K
}
Event: 6.402 GC heap after
{Heap after GC invocations=10 (full 0):
 garbage-first heap   total 51200K, used 17918K [0x00000000c9e00000, 0x0000000100000000)
  region size 1024K, 3 young (3072K), 3 survivors (3072K)
 Metaspace       used 28446K, committed 28864K, reserved 1081344K
  class space    used 3700K, committed 3904K, reserved 1048576K
}
Event: 6.961 GC heap before
{Heap before GC invocations=10 (full 0):
 garbage-first heap   total 51200K, used 37374K [0x00000000c9e00000, 0x0000000100000000)
  region size 1024K, 23 young (23552K), 3 survivors (3072K)
 Metaspace       used 31696K, committed 32064K, reserved 1081344K
  class space    used 4063K, committed 4288K, reserved 1048576K
}
Event: 6.967 GC heap after
{Heap after GC invocations=11 (full 0):
 garbage-first heap   total 51200K, used 19748K [0x00000000c9e00000, 0x0000000100000000)
  region size 1024K, 2 young (2048K), 2 survivors (2048K)
 Metaspace       used 31696K, committed 32064K, reserved 1081344K
  class space    used 4063K, committed 4288K, reserved 1048576K
}
Event: 7.450 GC heap before
{Heap before GC invocations=11 (full 0):
 garbage-first heap   total 51200K, used 37156K [0x00000000c9e00000, 0x0000000100000000)
  region size 1024K, 20 young (20480K), 2 survivors (2048K)
 Metaspace       used 34389K, committed 34816K, reserved 1081344K
  class space    used 4422K, committed 4608K, reserved 1048576K
}
Event: 7.454 GC heap after
{Heap after GC invocations=12 (full 0):
 garbage-first heap   total 51200K, used 20936K [0x00000000c9e00000, 0x0000000100000000)
  region size 1024K, 2 young (2048K), 2 survivors (2048K)
 Metaspace       used 34389K, committed 34816K, reserved 1081344K
  class space    used 4422K, committed 4608K, reserved 1048576K
}
Event: 7.625 GC heap before
{Heap before GC invocations=12 (full 0):
 garbage-first heap   total 51200K, used 25032K [0x00000000c9e00000, 0x0000000100000000)
  region size 1024K, 8 young (8192K), 2 survivors (2048K)
 Metaspace       used 35742K, committed 36096K, reserved 1081344K
  class space    used 4684K, committed 4864K, reserved 1048576K
}
Event: 7.627 GC heap after
{Heap after GC invocations=13 (full 0):
 garbage-first heap   total 51200K, used 21105K [0x00000000c9e00000, 0x0000000100000000)
  region size 1024K, 2 young (2048K), 2 survivors (2048K)
 Metaspace       used 35742K, committed 36096K, reserved 1081344K
  class space    used 4684K, committed 4864K, reserved 1048576K
}
Event: 8.503 GC heap before
{Heap before GC invocations=14 (full 0):
 garbage-first heap   total 51200K, used 39537K [0x00000000c9e00000, 0x0000000100000000)
  region size 1024K, 20 young (20480K), 2 survivors (2048K)
 Metaspace       used 41300K, committed 41664K, reserved 1089536K
  class space    used 5501K, committed 5696K, reserved 1048576K
}
Event: 8.507 GC heap after
{Heap after GC invocations=15 (full 0):
 garbage-first heap   total 51200K, used 22361K [0x00000000c9e00000, 0x0000000100000000)
  region size 1024K, 3 young (3072K), 3 survivors (3072K)
 Metaspace       used 41300K, committed 41664K, reserved 1089536K
  class space    used 5501K, committed 5696K, reserved 1048576K
}
Event: 9.008 GC heap before
{Heap before GC invocations=15 (full 0):
 garbage-first heap   total 51200K, used 38745K [0x00000000c9e00000, 0x0000000100000000)
  region size 1024K, 20 young (20480K), 3 survivors (3072K)
 Metaspace       used 44341K, committed 44672K, reserved 1089536K
  class space    used 5884K, committed 6080K, reserved 1048576K
}
Event: 9.015 GC heap after
{Heap after GC invocations=16 (full 0):
 garbage-first heap   total 51200K, used 23692K [0x00000000c9e00000, 0x0000000100000000)
  region size 1024K, 3 young (3072K), 3 survivors (3072K)
 Metaspace       used 44341K, committed 44672K, reserved 1089536K
  class space    used 5884K, committed 6080K, reserved 1048576K
}
Event: 9.564 GC heap before
{Heap before GC invocations=16 (full 0):
 garbage-first heap   total 51200K, used 40076K [0x00000000c9e00000, 0x0000000100000000)
  region size 1024K, 20 young (20480K), 3 survivors (3072K)
 Metaspace       used 47646K, committed 47936K, reserved 1097728K
  class space    used 6453K, committed 6592K, reserved 1048576K
}
Event: 9.570 GC heap after
{Heap after GC invocations=17 (full 0):
 garbage-first heap   total 61440K, used 24520K [0x00000000c9e00000, 0x0000000100000000)
  region size 1024K, 3 young (3072K), 3 survivors (3072K)
 Metaspace       used 47646K, committed 47936K, reserved 1097728K
  class space    used 6453K, committed 6592K, reserved 1048576K
}
Event: 10.302 GC heap before
{Heap before GC invocations=17 (full 0):
 garbage-first heap   total 61440K, used 49096K [0x00000000c9e00000, 0x0000000100000000)
  region size 1024K, 27 young (27648K), 3 survivors (3072K)
 Metaspace       used 50044K, committed 50432K, reserved 1097728K
  class space    used 6737K, committed 6912K, reserved 1048576K
}
Event: 10.307 GC heap after
{Heap after GC invocations=18 (full 0):
 garbage-first heap   total 61440K, used 25657K [0x00000000c9e00000, 0x0000000100000000)
  region size 1024K, 2 young (2048K), 2 survivors (2048K)
 Metaspace       used 50044K, committed 50432K, reserved 1097728K
  class space    used 6737K, committed 6912K, reserved 1048576K
}

Deoptimization events (20 events):
Event: 10.706 Thread 0x000001ad27f142e0 Uncommon trap: trap_request=0xffffffde fr.pc=0x000001ad1b261644 relative=0x0000000000000324
Event: 10.706 Thread 0x000001ad27f142e0 Uncommon trap: reason=class_check action=maybe_recompile pc=0x000001ad1b261644 method=sun.reflect.generics.reflectiveObjects.TypeVariableImpl.hashCode()I @ 4 c2
Event: 10.706 Thread 0x000001ad27f142e0 DEOPT PACKING pc=0x000001ad1b261644 sp=0x000000a3e3ffaa30
Event: 10.706 Thread 0x000001ad27f142e0 DEOPT UNPACKING pc=0x000001ad1abc23a3 sp=0x000000a3e3ffa9c8 mode 2
Event: 10.706 Thread 0x000001ad27f142e0 Uncommon trap: trap_request=0xffffffde fr.pc=0x000001ad1b261644 relative=0x0000000000000324
Event: 10.706 Thread 0x000001ad27f142e0 Uncommon trap: reason=class_check action=maybe_recompile pc=0x000001ad1b261644 method=sun.reflect.generics.reflectiveObjects.TypeVariableImpl.hashCode()I @ 4 c2
Event: 10.707 Thread 0x000001ad27f142e0 DEOPT PACKING pc=0x000001ad1b261644 sp=0x000000a3e3ffa7e0
Event: 10.707 Thread 0x000001ad27f142e0 DEOPT UNPACKING pc=0x000001ad1abc23a3 sp=0x000000a3e3ffa778 mode 2
Event: 10.707 Thread 0x000001ad27f142e0 Uncommon trap: trap_request=0xffffffde fr.pc=0x000001ad1b261644 relative=0x0000000000000324
Event: 10.707 Thread 0x000001ad27f142e0 Uncommon trap: reason=class_check action=maybe_recompile pc=0x000001ad1b261644 method=sun.reflect.generics.reflectiveObjects.TypeVariableImpl.hashCode()I @ 4 c2
Event: 10.707 Thread 0x000001ad27f142e0 DEOPT PACKING pc=0x000001ad1b261644 sp=0x000000a3e3ffa920
Event: 10.707 Thread 0x000001ad27f142e0 DEOPT UNPACKING pc=0x000001ad1abc23a3 sp=0x000000a3e3ffa8b8 mode 2
Event: 10.717 Thread 0x000001ad27f142e0 Uncommon trap: trap_request=0xffffff45 fr.pc=0x000001ad1b2ac2ac relative=0x00000000000012ec
Event: 10.717 Thread 0x000001ad27f142e0 Uncommon trap: reason=unstable_if action=reinterpret pc=0x000001ad1b2ac2ac method=java.util.concurrent.ConcurrentHashMap.putVal(Ljava/lang/Object;Ljava/lang/Object;Z)Ljava/lang/Object; @ 401 c2
Event: 10.717 Thread 0x000001ad27f142e0 DEOPT PACKING pc=0x000001ad1b2ac2ac sp=0x000000a3e3ffac80
Event: 10.717 Thread 0x000001ad27f142e0 DEOPT UNPACKING pc=0x000001ad1abc23a3 sp=0x000000a3e3ffac10 mode 2
Event: 10.744 Thread 0x000001ad27f142e0 Uncommon trap: trap_request=0xffffff45 fr.pc=0x000001ad1b2cb7f0 relative=0x0000000000000250
Event: 10.744 Thread 0x000001ad27f142e0 Uncommon trap: reason=unstable_if action=reinterpret pc=0x000001ad1b2cb7f0 method=java.util.concurrent.ConcurrentHashMap.get(Ljava/lang/Object;)Ljava/lang/Object; @ 86 c2
Event: 10.744 Thread 0x000001ad27f142e0 DEOPT PACKING pc=0x000001ad1b2cb7f0 sp=0x000000a3e3ffad40
Event: 10.744 Thread 0x000001ad27f142e0 DEOPT UNPACKING pc=0x000001ad1abc23a3 sp=0x000000a3e3ffaca8 mode 2

Classes unloaded (0 events):
No events

Classes redefined (0 events):
No events

Internal exceptions (20 events):
Event: 7.041 Thread 0x000001ad27f142e0 Exception <a 'java/lang/ClassNotFoundException'{0x00000000ccd5a4b8}: org/springframework/beans/factory/FactoryBeanCustomizer> (0x00000000ccd5a4b8) 
thrown [s\open\src\hotspot\share\classfile\systemDictionary.cpp, line 256]
Event: 7.043 Thread 0x000001ad27f142e0 Exception <a 'java/lang/ClassNotFoundException'{0x00000000ccd66730}: org/springframework/beans/factory/BeanClassLoaderAwareCustomizer> (0x00000000ccd66730) 
thrown [s\open\src\hotspot\share\classfile\systemDictionary.cpp, line 256]
Event: 7.045 Thread 0x000001ad27f142e0 Exception <a 'java/lang/ClassNotFoundException'{0x00000000ccd6f118}: org/springframework/beans/factory/AwareCustomizer> (0x00000000ccd6f118) 
thrown [s\open\src\hotspot\share\classfile\systemDictionary.cpp, line 256]
Event: 7.046 Thread 0x000001ad27f142e0 Exception <a 'java/lang/ClassNotFoundException'{0x00000000ccd76fb8}: org/springframework/beans/factory/BeanFactoryAwareCustomizer> (0x00000000ccd76fb8) 
thrown [s\open\src\hotspot\share\classfile\systemDictionary.cpp, line 256]
Event: 7.047 Thread 0x000001ad27f142e0 Exception <a 'java/lang/ClassNotFoundException'{0x00000000ccd80040}: org/springframework/beans/factory/AwareCustomizer> (0x00000000ccd80040) 
thrown [s\open\src\hotspot\share\classfile\systemDictionary.cpp, line 256]
Event: 7.048 Thread 0x000001ad27f142e0 Exception <a 'java/lang/ClassNotFoundException'{0x00000000ccd881a8}: org/springframework/context/ApplicationEventPublisherAwareCustomizer> (0x00000000ccd881a8) 
thrown [s\open\src\hotspot\share\classfile\systemDictionary.cpp, line 256]
Event: 7.049 Thread 0x000001ad27f142e0 Exception <a 'java/lang/ClassNotFoundException'{0x00000000ccd91318}: org/springframework/beans/factory/AwareCustomizer> (0x00000000ccd91318) 
thrown [s\open\src\hotspot\share\classfile\systemDictionary.cpp, line 256]
Event: 7.056 Thread 0x000001ad27f142e0 Exception <a 'java/lang/ClassNotFoundException'{0x00000000ccdc8b20}: java/lang/ObjectCustomizer> (0x00000000ccdc8b20) 
thrown [s\open\src\hotspot\share\classfile\systemDictionary.cpp, line 256]
Event: 7.058 Thread 0x000001ad27f142e0 Exception <a 'java/lang/ClassNotFoundException'{0x00000000ccdd4720}: org/springframework/core/io/support/PropertiesLoaderSupportCustomizer> (0x00000000ccdd4720) 
thrown [s\open\src\hotspot\share\classfile\systemDictionary.cpp, line 256]
Event: 7.061 Thread 0x000001ad27f142e0 Exception <a 'java/lang/ClassNotFoundException'{0x00000000ccde5a90}: org/springframework/beans/factory/config/PropertiesFactoryBeanCustomizer> (0x00000000ccde5a90) 
thrown [s\open\src\hotspot\share\classfile\systemDictionary.cpp, line 256]
Event: 7.063 Thread 0x000001ad27f142e0 Exception <a 'java/lang/ClassNotFoundException'{0x00000000ccdfe2b0}: org/springframework/beans/factory/FactoryBeanCustomizer> (0x00000000ccdfe2b0) 
thrown [s\open\src\hotspot\share\classfile\systemDictionary.cpp, line 256]
Event: 7.065 Thread 0x000001ad27f142e0 Exception <a 'java/lang/ClassNotFoundException'{0x00000000ccc09270}: org/springframework/beans/factory/InitializingBeanCustomizer> (0x00000000ccc09270) 
thrown [s\open\src\hotspot\share\classfile\systemDictionary.cpp, line 256]
Event: 7.187 Thread 0x000001ad27f142e0 Implicit null exception at 0x000001ad1b2625cb to 0x000001ad1b26286c
Event: 7.986 Thread 0x000001ad27f142e0 Exception <a 'sun/nio/fs/WindowsException'{0x00000000cc6dae58}> (0x00000000cc6dae58) 
thrown [s\open\src\hotspot\share\prims\jni.cpp, line 516]
Event: 8.364 Thread 0x000001ad27f142e0 Exception <a 'java/lang/NoSuchMethodError'{0x00000000cc187570}: 'java.lang.Object java.lang.invoke.DirectMethodHandle$Holder.invokeStaticInit(java.lang.Object, java.lang.Object, java.lang.Object, java.lang.Object)'> (0x00000000cc187570) 
thrown [s\open\src\hotspot\share\interpreter\linkResolver.cpp, line 759]
Event: 8.749 Thread 0x000001ad27f142e0 Exception <a 'java/lang/NoSuchMethodError'{0x00000000cc84f3f8}: 'java.lang.Object java.lang.invoke.DirectMethodHandle$Holder.newInvokeSpecial(java.lang.Object, java.lang.Object, int, java.lang.Object, java.lang.Object)'> (0x00000000cc84f3f8) 
thrown [s\open\src\hotspot\share\interpreter\linkResolver.cpp, line 759]
Event: 9.811 Thread 0x000001ad27f142e0 Exception <a 'java/lang/NoSuchMethodError'{0x00000000ccbef690}: 'void java.lang.invoke.DirectMethodHandle$Holder.invokeInterface(java.lang.Object, java.lang.Object)'> (0x00000000ccbef690) 
thrown [s\open\src\hotspot\share\interpreter\linkResolver.cpp, line 759]
Event: 9.814 Thread 0x000001ad27f142e0 Exception <a 'java/lang/NoSuchMethodError'{0x00000000cca04e00}: 'int java.lang.invoke.DirectMethodHandle$Holder.invokeStatic(java.lang.Object, java.lang.Object, int)'> (0x00000000cca04e00) 
thrown [s\open\src\hotspot\share\interpreter\linkResolver.cpp, line 759]
Event: 9.828 Thread 0x000001ad27f142e0 Exception <a 'java/lang/NoSuchMethodError'{0x00000000cca8fb98}: 'java.lang.Object java.lang.invoke.DirectMethodHandle$Holder.invokeStaticInit(java.lang.Object, java.lang.Object, java.lang.Object, java.lang.Object, int, int)'> (0x00000000cca8fb98) 
thrown [s\open\src\hotspot\share\interpreter\linkResolver.cpp, line 759]
Event: 10.884 Thread 0x000001ad27f142e0 Exception <a 'java/lang/IncompatibleClassChangeError'{0x00000000cd2fa358}: Found class java.lang.Object, but interface was expected> (0x00000000cd2fa358) 
thrown [s\open\src\hotspot\share\interpreter\linkResolver.cpp, line 826]

VM Operations (20 events):
Event: 8.002 Executing VM operation: HandshakeAllThreads
Event: 8.002 Executing VM operation: HandshakeAllThreads done
Event: 8.490 Executing VM operation: HandshakeAllThreads
Event: 8.491 Executing VM operation: HandshakeAllThreads done
Event: 8.503 Executing VM operation: G1CollectForAllocation
Event: 8.507 Executing VM operation: G1CollectForAllocation done
Event: 9.008 Executing VM operation: G1CollectForAllocation
Event: 9.015 Executing VM operation: G1CollectForAllocation done
Event: 9.540 Executing VM operation: ICBufferFull
Event: 9.540 Executing VM operation: ICBufferFull done
Event: 9.563 Executing VM operation: G1CollectForAllocation
Event: 9.571 Executing VM operation: G1CollectForAllocation done
Event: 9.657 Executing VM operation: ICBufferFull
Event: 9.658 Executing VM operation: ICBufferFull done
Event: 9.925 Executing VM operation: ICBufferFull
Event: 9.926 Executing VM operation: ICBufferFull done
Event: 10.043 Executing VM operation: HandshakeAllThreads
Event: 10.043 Executing VM operation: HandshakeAllThreads done
Event: 10.302 Executing VM operation: G1CollectForAllocation
Event: 10.307 Executing VM operation: G1CollectForAllocation done

Events (20 events):
Event: 9.842 loading class java/lang/InheritableThreadLocal
Event: 9.842 loading class java/lang/InheritableThreadLocal done
Event: 9.844 loading class java/io/ObjectInputStream$GetField
Event: 9.845 loading class java/io/ObjectInputStream$GetField done
Event: 9.845 loading class java/io/ObjectInputValidation
Event: 9.845 loading class java/io/ObjectInputValidation done
Event: 9.845 loading class java/io/NotActiveException
Event: 9.845 loading class java/io/NotActiveException done
Event: 9.845 loading class java/io/ObjectInputFilter
Event: 9.845 loading class java/io/ObjectInputFilter done
Event: 9.846 loading class java/io/ObjectInputFilter$FilterInfo
Event: 9.846 loading class java/io/ObjectInputFilter$FilterInfo done
Event: 9.846 loading class java/io/ObjectInputFilter$Status
Event: 9.846 loading class java/io/ObjectInputFilter$Status done
Event: 10.628 loading class javax/naming/Reference
Event: 10.628 loading class javax/naming/Reference done
Event: 10.717 loading class java/util/concurrent/ConcurrentHashMap$TreeNode
Event: 10.729 loading class java/util/concurrent/ConcurrentHashMap$TreeNode done
Event: 10.729 loading class java/util/concurrent/ConcurrentHashMap$TreeBin
Event: 10.743 loading class java/util/concurrent/ConcurrentHashMap$TreeBin done


Dynamic libraries:
0x00007ff789f80000 - 0x00007ff789f90000 	C:\Program Files\Java\jdk-17\bin\java.exe
0x00007ffb10910000 - 0x00007ffb10b26000 	C:\WINDOWS\SYSTEM32\ntdll.dll
0x00007ffb0e980000 - 0x00007ffb0ea44000 	C:\WINDOWS\System32\KERNEL32.DLL
0x00007ffb0e1d0000 - 0x00007ffb0e577000 	C:\WINDOWS\System32\KERNELBASE.dll
0x00007ffb0dca0000 - 0x00007ffb0ddb1000 	C:\WINDOWS\System32\ucrtbase.dll
0x00007ffaff260000 - 0x00007ffaff27b000 	C:\Program Files\Java\jdk-17\bin\VCRUNTIME140.dll
0x00007ffb02d30000 - 0x00007ffb02d49000 	C:\Program Files\Java\jdk-17\bin\jli.dll
0x00007ffb10220000 - 0x00007ffb102d2000 	C:\WINDOWS\System32\ADVAPI32.dll
0x00007ffb0f8a0000 - 0x00007ffb0f947000 	C:\WINDOWS\System32\msvcrt.dll
0x00007ffb10170000 - 0x00007ffb10218000 	C:\WINDOWS\System32\sechost.dll
0x00007ffb0ddc0000 - 0x00007ffb0dde8000 	C:\WINDOWS\System32\bcrypt.dll
0x00007ffb103d0000 - 0x00007ffb104e5000 	C:\WINDOWS\System32\RPCRT4.dll
0x00007ffb10720000 - 0x00007ffb108ce000 	C:\WINDOWS\System32\USER32.dll
0x00007ffb0df60000 - 0x00007ffb0df86000 	C:\WINDOWS\System32\win32u.dll
0x00007ffaf8f90000 - 0x00007ffaf9223000 	C:\WINDOWS\WinSxS\amd64_microsoft.windows.common-controls_6595b64144ccf1df_6.0.22621.3235_none_270f74e173860f98\COMCTL32.dll
0x00007ffb0fee0000 - 0x00007ffb0ff09000 	C:\WINDOWS\System32\GDI32.dll
0x00007ffb0df90000 - 0x00007ffb0e0a9000 	C:\WINDOWS\System32\gdi32full.dll
0x00007ffb0e130000 - 0x00007ffb0e1ca000 	C:\WINDOWS\System32\msvcp_win.dll
0x00007ffb07c60000 - 0x00007ffb07c6a000 	C:\WINDOWS\SYSTEM32\VERSION.dll
0x00007ffb0f310000 - 0x00007ffb0f341000 	C:\WINDOWS\System32\IMM32.DLL
0x00007ffb043d0000 - 0x00007ffb043dc000 	C:\Program Files\Java\jdk-17\bin\vcruntime140_1.dll
0x00007ffafeec0000 - 0x00007ffafef4e000 	C:\Program Files\Java\jdk-17\bin\msvcp140.dll
0x00007ffacebb0000 - 0x00007ffacf78d000 	C:\Program Files\Java\jdk-17\bin\server\jvm.dll
0x00007ffb10350000 - 0x00007ffb10358000 	C:\WINDOWS\System32\PSAPI.DLL
0x00007ffaefc40000 - 0x00007ffaefc49000 	C:\WINDOWS\SYSTEM32\WSOCK32.dll
0x00007ffb07d20000 - 0x00007ffb07d54000 	C:\WINDOWS\SYSTEM32\WINMM.dll
0x00007ffb0e7f0000 - 0x00007ffb0e861000 	C:\WINDOWS\System32\WS2_32.dll
0x00007ffb0cc70000 - 0x00007ffb0cc88000 	C:\WINDOWS\SYSTEM32\kernel.appcore.dll
0x00007ffb035f0000 - 0x00007ffb035fa000 	C:\Program Files\Java\jdk-17\bin\jimage.dll
0x00007ffb02440000 - 0x00007ffb02673000 	C:\WINDOWS\SYSTEM32\DBGHELP.DLL
0x00007ffb0f510000 - 0x00007ffb0f898000 	C:\WINDOWS\System32\combase.dll
0x00007ffb10630000 - 0x00007ffb10707000 	C:\WINDOWS\System32\OLEAUT32.dll
0x00007ffaf31b0000 - 0x00007ffaf31e2000 	C:\WINDOWS\SYSTEM32\dbgcore.DLL
0x00007ffb0e0b0000 - 0x00007ffb0e129000 	C:\WINDOWS\System32\bcryptPrimitives.dll
0x00007ffb03f40000 - 0x00007ffb03f4e000 	C:\Program Files\Java\jdk-17\bin\instrument.dll
0x00007ffafee50000 - 0x00007ffafee75000 	C:\Program Files\Java\jdk-17\bin\java.dll
0x00007ffaf56e0000 - 0x00007ffaf57b7000 	C:\Program Files\Java\jdk-17\bin\jsvml.dll
0x00007ffb0ea50000 - 0x00007ffb0f2ac000 	C:\WINDOWS\System32\SHELL32.dll
0x00007ffb0bb90000 - 0x00007ffb0c489000 	C:\WINDOWS\SYSTEM32\windows.storage.dll
0x00007ffb0ba50000 - 0x00007ffb0bb8e000 	C:\WINDOWS\SYSTEM32\wintypes.dll
0x00007ffb0f950000 - 0x00007ffb0fa43000 	C:\WINDOWS\System32\SHCORE.dll
0x00007ffb0f4b0000 - 0x00007ffb0f50e000 	C:\WINDOWS\System32\shlwapi.dll
0x00007ffb0db60000 - 0x00007ffb0db81000 	C:\WINDOWS\SYSTEM32\profapi.dll
0x00007ffafadc0000 - 0x00007ffafadd8000 	C:\Program Files\Java\jdk-17\bin\zip.dll
0x00007ffaff230000 - 0x00007ffaff249000 	C:\Program Files\Java\jdk-17\bin\net.dll
0x00007ffb07290000 - 0x00007ffb073c6000 	C:\WINDOWS\SYSTEM32\WINHTTP.dll
0x00007ffb0d0e0000 - 0x00007ffb0d149000 	C:\WINDOWS\system32\mswsock.dll
0x00007ffafee30000 - 0x00007ffafee46000 	C:\Program Files\Java\jdk-17\bin\nio.dll
0x00007ffb03d70000 - 0x00007ffb03d8a000 	C:\Program Files\JetBrains\IntelliJ IDEA Community Edition 2023.1\bin\breakgen64.dll
0x00007ffafff20000 - 0x00007ffafff30000 	C:\Program Files\Java\jdk-17\bin\verify.dll
0x00007ffb08010000 - 0x00007ffb0801a000 	C:\Program Files\Java\jdk-17\bin\management.dll
0x00007ffb04110000 - 0x00007ffb0411b000 	C:\Program Files\Java\jdk-17\bin\management_ext.dll
0x00007ffb00370000 - 0x00007ffb00387000 	C:\WINDOWS\system32\napinsp.dll
0x00007ffb00350000 - 0x00007ffb0036b000 	C:\WINDOWS\system32\pnrpnsp.dll
0x00007ffb0c7b0000 - 0x00007ffb0c8a9000 	C:\WINDOWS\SYSTEM32\DNSAPI.dll
0x00007ffb0c730000 - 0x00007ffb0c75d000 	C:\WINDOWS\SYSTEM32\IPHLPAPI.DLL
0x00007ffb0fa50000 - 0x00007ffb0fa59000 	C:\WINDOWS\System32\NSI.dll
0x00007ffaf6dd0000 - 0x00007ffaf6de1000 	C:\WINDOWS\System32\winrnr.dll
0x00007ffae3c90000 - 0x00007ffae3ca5000 	C:\WINDOWS\system32\wshbth.dll
0x00007ffae82b0000 - 0x00007ffae82d1000 	C:\WINDOWS\system32\nlansp_c.dll
0x00007ffaf4a40000 - 0x00007ffaf4a4a000 	C:\Windows\System32\rasadhlp.dll
0x00007ffb05360000 - 0x00007ffb053e3000 	C:\WINDOWS\System32\fwpuclnt.dll
0x00007ffb0d350000 - 0x00007ffb0d36b000 	C:\WINDOWS\SYSTEM32\CRYPTSP.dll
0x00007ffb0cbd0000 - 0x00007ffb0cc05000 	C:\WINDOWS\system32\rsaenh.dll
0x00007ffb0d1e0000 - 0x00007ffb0d208000 	C:\WINDOWS\SYSTEM32\USERENV.dll
0x00007ffb0d340000 - 0x00007ffb0d34c000 	C:\WINDOWS\SYSTEM32\CRYPTBASE.dll
0x00007ffb07db0000 - 0x00007ffb07dc9000 	C:\WINDOWS\SYSTEM32\dhcpcsvc6.DLL
0x00007ffb07d00000 - 0x00007ffb07d1f000 	C:\WINDOWS\SYSTEM32\dhcpcsvc.DLL
0x00007ffb03f70000 - 0x00007ffb03f7d000 	C:\Program Files\Java\jdk-17\bin\sunmscapi.dll
0x00007ffb0ddf0000 - 0x00007ffb0df57000 	C:\WINDOWS\System32\CRYPT32.dll
0x00007ffb0d500000 - 0x00007ffb0d52e000 	C:\WINDOWS\SYSTEM32\ncrypt.dll
0x00007ffb0d4c0000 - 0x00007ffb0d4f7000 	C:\WINDOWS\SYSTEM32\NTASN1.dll

dbghelp: loaded successfully - version: 4.0.5 - missing functions: none
symbol engine: initialized successfully - sym options: 0x614 - pdb path: .;C:\Program Files\Java\jdk-17\bin;C:\WINDOWS\SYSTEM32;C:\WINDOWS\WinSxS\amd64_microsoft.windows.common-controls_6595b64144ccf1df_6.0.22621.3235_none_270f74e173860f98;C:\Program Files\Java\jdk-17\bin\server;C:\Program Files\JetBrains\IntelliJ IDEA Community Edition 2023.1\bin

VM Arguments:
jvm_args: -javaagent:C:\Program Files\JetBrains\IntelliJ IDEA Community Edition 2023.1\lib\idea_rt.jar=53279:C:\Program Files\JetBrains\IntelliJ IDEA Community Edition 2023.1\bin -Dfile.encoding=UTF-8 
java_command: com.project.WarmyHomesApplication
java_class_path (initial): C:\Users\Asude\IdeaProjects\WarmyHomesAPI\Warmy-Homes\target\classes;C:\Users\Asude\.m2\repository\org\springframework\boot\spring-boot-starter-data-jpa\2.7.5\spring-boot-starter-data-jpa-2.7.5.jar;C:\Users\Asude\.m2\repository\org\springframework\boot\spring-boot-starter-aop\2.7.5\spring-boot-starter-aop-2.7.5.jar;C:\Users\Asude\.m2\repository\org\aspectj\aspectjweaver\1.9.7\aspectjweaver-1.9.7.jar;C:\Users\Asude\.m2\repository\org\springframework\boot\spring-boot-starter-jdbc\2.7.5\spring-boot-starter-jdbc-2.7.5.jar;C:\Users\Asude\.m2\repository\com\zaxxer\HikariCP\4.0.3\HikariCP-4.0.3.jar;C:\Users\Asude\.m2\repository\org\springframework\spring-jdbc\5.3.23\spring-jdbc-5.3.23.jar;C:\Users\Asude\.m2\repository\jakarta\transaction\jakarta.transaction-api\1.3.3\jakarta.transaction-api-1.3.3.jar;C:\Users\Asude\.m2\repository\jakarta\persistence\jakarta.persistence-api\2.2.3\jakarta.persistence-api-2.2.3.jar;C:\Users\Asude\.m2\repository\org\hibernate\hibernate-core\5.6.12.Final\hibernate-core-5.6.12.Final.jar;C:\Users\Asude\.m2\repository\org\jboss\logging\jboss-logging\3.4.3.Final\jboss-logging-3.4.3.Final.jar;C:\Users\Asude\.m2\repository\net\bytebuddy\byte-buddy\1.12.18\byte-buddy-1.12.18.jar;C:\Users\Asude\.m2\repository\antlr\antlr\2.7.7\antlr-2.7.7.jar;C:\Users\Asude\.m2\repository\org\jboss\jandex\2.4.2.Final\jandex-2.4.2.Final.jar;C:\Users\Asude\.m2\repository\com\fasterxml\classmate\1.5.1\classmate-1.5.1.jar;C:\Users\Asude\.m2\repository\org\hibernate\common\hibernate-commons-annotations\5.1.2.Final\hibernate-commons-annotations-5.1.2.Final.jar;C:\Users\Asude\.m2\repository\org\glassfish\jaxb\jaxb-runtime\2.3.7\jaxb-runtime-2.3.7.jar;C:\Users\Asude\.m2\repository\org\glassfish\jaxb\txw2\2.3.7\txw2-2.3.7.jar;C:\Users\Asude\.m2\repository\com\sun\istack\istack-commons-runtime\3.0.12\istack-commons-runtime-3.0.12.jar;C:\Users\Asude\.m2\repository\org\springframework\data\spring-data-jpa\2.7.5\spring-data-jpa-2.7.5.jar;C:\Users\Asude\
Launcher Type: SUN_STANDARD

[Global flags]
     intx CICompilerCount                          = 3                                         {product} {ergonomic}
     uint ConcGCThreads                            = 1                                         {product} {ergonomic}
     uint G1ConcRefinementThreads                  = 4                                         {product} {ergonomic}
   size_t G1HeapRegionSize                         = 1048576                                   {product} {ergonomic}
    uintx GCDrainStackTargetSize                   = 64                                        {product} {ergonomic}
   size_t InitialHeapSize                          = 58720256                                  {product} {ergonomic}
   size_t MarkStackSize                            = 4194304                                   {product} {ergonomic}
   size_t MaxHeapSize                              = 908066816                                 {product} {ergonomic}
   size_t MaxNewSize                               = 544210944                                 {product} {ergonomic}
   size_t MinHeapDeltaBytes                        = 1048576                                   {product} {ergonomic}
   size_t MinHeapSize                              = 8388608                                   {product} {ergonomic}
    uintx NonNMethodCodeHeapSize                   = 5832780                                {pd product} {ergonomic}
    uintx NonProfiledCodeHeapSize                  = 122912730                              {pd product} {ergonomic}
    uintx ProfiledCodeHeapSize                     = 122912730                              {pd product} {ergonomic}
    uintx ReservedCodeCacheSize                    = 251658240                              {pd product} {ergonomic}
     bool SegmentedCodeCache                       = true                                      {product} {ergonomic}
   size_t SoftMaxHeapSize                          = 908066816                              {manageable} {ergonomic}
     bool UseCompressedClassPointers               = true                           {product lp64_product} {ergonomic}
     bool UseCompressedOops                        = true                           {product lp64_product} {ergonomic}
     bool UseG1GC                                  = true                                      {product} {ergonomic}
     bool UseLargePagesIndividualAllocation        = false                                  {pd product} {ergonomic}

Logging:
Log output configuration:
 #0: stdout all=warning uptime,level,tags
 #1: stderr all=off uptime,level,tags

Environment Variables:
PATH=C:\Program Files\Common Files\Oracle\Java\javapath;C:\Program Files (x86)\Common Files\Oracle\Java\javapath;C:\Program Files\Zulu\zulu-19\bin\;C:\WINDOWS\system32;C:\WINDOWS;C:\WINDOWS\System32\Wbem;C:\WINDOWS\System32\WindowsPowerShell\v1.0\;C:\WINDOWS\System32\OpenSSH\;C:\Program Files\nodejs\;C:\Program Files\Git\cmd;C:\Users\Asude\AppData\Local\Microsoft\WindowsApps;C:\Program Files\sfdx\bin;C:\Users\Asude\AppData\Local\Programs\Microsoft VS Code\bin;C:\Program Files\Java\jdk-11\bin;C:\Users\Asude\AppData\Roaming\npm
USERNAME=Asude
OS=Windows_NT
PROCESSOR_IDENTIFIER=AMD64 Family 23 Model 24 Stepping 1, AuthenticAMD



---------------  S Y S T E M  ---------------

OS:
 Windows 11 , 64 bit Build 22621 (10.0.22621.3374)
OS uptime: 0 days 17:41 hours

CPU: total 4 (initial active 4) (4 cores per cpu, 2 threads per core) family 23 model 24 stepping 1 microcode 0x0, cx8, cmov, fxsr, ht, mmx, 3dnowpref, sse, sse2, sse3, ssse3, sse4a, sse4.1, sse4.2, popcnt, lzcnt, tsc, tscinvbit, avx, avx2, aes, clmul, bmi1, bmi2, adx, sha, fma, vzeroupper, clflush, clflushopt

Memory: 4k page, system-wide physical 3463M (291M free)
TotalPageFile size 11794M (AvailPageFile size 3M)
current process WorkingSet (physical memory assigned to process): 215M, peak: 215M
current process commit charge ("private bytes"): 247M, peak: 247M

vm_info: Java HotSpot(TM) 64-Bit Server VM (17.0.7+8-LTS-224) for windows-amd64 JRE (17.0.7+8-LTS-224), built on Feb 28 2023 23:03:02 by "mach5one" with MS VC++ 17.1 (VS2022)

END.
