#
# There is insufficient memory for the Java Runtime Environment to continue.
# Native memory allocation (malloc) failed to allocate 2083536 bytes for Chunk::new
# Possible reasons:
#   The system is out of physical RAM or swap space
#   The process is running with CompressedOops enabled, and the Java Heap may be blocking the growth of the native heap
# Possible solutions:
#   Reduce memory load on the system
#   Increase physical memory or swap space
#   Check if swap backing store is full
#   Decrease Java heap size (-Xmx/-Xms)
#   Decrease number of Java threads
#   Decrease Java thread stack sizes (-Xss)
#   Set larger code cache with -XX:ReservedCodeCacheSize=
#   JVM is running with Unscaled Compressed Oops mode in which the Java heap is
#     placed in the first 4GB address space. The Java Heap base address is the
#     maximum limit for the native heap growth. Please use -XX:HeapBaseMinAddress
#     to set the Java Heap base and to place the Java Heap above 4GB virtual address.
# This output file may be truncated or incomplete.
#
#  Out of Memory Error (arena.cpp:189), pid=3160, tid=12808
#
# JRE version: Java(TM) SE Runtime Environment (17.0.7+8) (build 17.0.7+8-LTS-224)
# Java VM: Java HotSpot(TM) 64-Bit Server VM (17.0.7+8-LTS-224, mixed mode, sharing, tiered, compressed oops, compressed class ptrs, g1 gc, windows-amd64)
# No core dump will be written. Minidumps are not enabled by default on client versions of Windows
#

---------------  S U M M A R Y ------------

Command Line: -javaagent:C:\Program Files\JetBrains\IntelliJ IDEA Community Edition 2023.1\lib\idea_rt.jar=50183:C:\Program Files\JetBrains\IntelliJ IDEA Community Edition 2023.1\bin -Dfile.encoding=UTF-8 com.project.WarmyHomesApplication

Host: AMD Ryzen 3 3250U with Radeon Graphics         , 4 cores, 3G,  Windows 11 , 64 bit Build 22621 (10.0.22621.3374)
Time: Mon May 13 17:49:10 2024 Türkiye Standart Saati elapsed time: 10.725443 seconds (0d 0h 0m 10s)

---------------  T H R E A D  ---------------

Current thread (0x00000200297dfce0):  JavaThread "C2 CompilerThread0" daemon [_thread_in_native, id=12808, stack(0x000000e841b00000,0x000000e841c00000)]


Current CompileTask:
C2:  10725 3950       4       org.springframework.boot.context.properties.source.ConfigurationPropertyName$ElementsParser::parse (234 bytes)

Stack: [0x000000e841b00000,0x000000e841c00000]
Native frames: (J=compiled Java code, j=interpreted, Vv=VM code, C=native code)
V  [jvm.dll+0x676a4a]
V  [jvm.dll+0x7d74f4]
V  [jvm.dll+0x7d8c9e]
V  [jvm.dll+0x7d9303]
V  [jvm.dll+0x2452c5]
V  [jvm.dll+0xaaa2b]
V  [jvm.dll+0xaafcc]
V  [jvm.dll+0x3613cf]
V  [jvm.dll+0x32bba1]
V  [jvm.dll+0x32b03a]
V  [jvm.dll+0x217acf]
V  [jvm.dll+0x216f01]
V  [jvm.dll+0x1a35e0]
V  [jvm.dll+0x226a6e]
V  [jvm.dll+0x224e15]
V  [jvm.dll+0x78d05c]
V  [jvm.dll+0x78759a]
V  [jvm.dll+0x675875]
C  [ucrtbase.dll+0x29333]
C  [KERNEL32.DLL+0x1257d]
C  [ntdll.dll+0x5aa48]


---------------  P R O C E S S  ---------------

Threads class SMR info:
_java_thread_list=0x000002002d369580, length=15, elements={
0x000002000cb6e700, 0x000002000cc1a650, 0x000002000cc1b2c0, 0x000002000cc2d5e0,
0x00000200297ddf70, 0x00000200297de830, 0x00000200297df0f0, 0x00000200297dfce0,
0x00000200297e3b90, 0x000002002980f8e0, 0x00000200297dc440, 0x000002002a53c560,
0x000002002a5de980, 0x000002002b5f9760, 0x000002002af08600
}

Java Threads: ( => current thread )
  0x000002000cb6e700 JavaThread "main" [_thread_blocked, id=9944, stack(0x000000e840e00000,0x000000e840f00000)]
  0x000002000cc1a650 JavaThread "Reference Handler" daemon [_thread_blocked, id=14152, stack(0x000000e841500000,0x000000e841600000)]
  0x000002000cc1b2c0 JavaThread "Finalizer" daemon [_thread_blocked, id=6768, stack(0x000000e841600000,0x000000e841700000)]
  0x000002000cc2d5e0 JavaThread "Signal Dispatcher" daemon [_thread_blocked, id=5180, stack(0x000000e841700000,0x000000e841800000)]
  0x00000200297ddf70 JavaThread "Attach Listener" daemon [_thread_blocked, id=13924, stack(0x000000e841800000,0x000000e841900000)]
  0x00000200297de830 JavaThread "Service Thread" daemon [_thread_blocked, id=3944, stack(0x000000e841900000,0x000000e841a00000)]
  0x00000200297df0f0 JavaThread "Monitor Deflation Thread" daemon [_thread_blocked, id=10648, stack(0x000000e841a00000,0x000000e841b00000)]
=>0x00000200297dfce0 JavaThread "C2 CompilerThread0" daemon [_thread_in_native, id=12808, stack(0x000000e841b00000,0x000000e841c00000)]
  0x00000200297e3b90 JavaThread "C1 CompilerThread0" daemon [_thread_blocked, id=11296, stack(0x000000e841c00000,0x000000e841d00000)]
  0x000002002980f8e0 JavaThread "Sweeper thread" daemon [_thread_blocked, id=14176, stack(0x000000e841d00000,0x000000e841e00000)]
  0x00000200297dc440 JavaThread "Common-Cleaner" daemon [_thread_blocked, id=9248, stack(0x000000e841e00000,0x000000e841f00000)]
  0x000002002a53c560 JavaThread "Monitor Ctrl-Break" daemon [_thread_in_native, id=13004, stack(0x000000e841f00000,0x000000e842000000)]
  0x000002002a5de980 JavaThread "Notification Thread" daemon [_thread_blocked, id=7604, stack(0x000000e842000000,0x000000e842100000)]
  0x000002002b5f9760 JavaThread "Thread-0" [_thread_blocked, id=11064, stack(0x000000e842600000,0x000000e842700000)]
  0x000002002af08600 JavaThread "restartedMain" [_thread_in_vm, id=5780, stack(0x000000e842700000,0x000000e842800000)]

Other Threads:
  0x000002000cc14c40 VMThread "VM Thread" [stack: 0x000000e841400000,0x000000e841500000] [id=8592]
  0x000002002a53cd60 WatcherThread [stack: 0x000000e842100000,0x000000e842200000] [id=14196]
  0x000002000cba6080 GCTaskThread "GC Thread#0" [stack: 0x000000e840f00000,0x000000e841000000] [id=8876]
  0x000002002af9cc60 GCTaskThread "GC Thread#1" [stack: 0x000000e842200000,0x000000e842300000] [id=13208]
  0x000002002b0cff70 GCTaskThread "GC Thread#2" [stack: 0x000000e842300000,0x000000e842400000] [id=13436]
  0x000002002ab76cb0 GCTaskThread "GC Thread#3" [stack: 0x000000e842400000,0x000000e842500000] [id=2940]
  0x000002000cbadb00 ConcurrentGCThread "G1 Main Marker" [stack: 0x000000e841000000,0x000000e841100000] [id=1848]
  0x000002000cbae410 ConcurrentGCThread "G1 Conc#0" [stack: 0x000000e841100000,0x000000e841200000] [id=12172]
  0x000002000cbebd30 ConcurrentGCThread "G1 Refine#0" [stack: 0x000000e841200000,0x000000e841300000] [id=9748]
  0x000002002aff7bf0 ConcurrentGCThread "G1 Refine#1" [stack: 0x000000e842500000,0x000000e842600000] [id=8816]
  0x000002000cbec650 ConcurrentGCThread "G1 Service" [stack: 0x000000e841300000,0x000000e841400000] [id=7640]

Threads with active compile tasks:
C2 CompilerThread0    10745 3950       4       org.springframework.boot.context.properties.source.ConfigurationPropertyName$ElementsParser::parse (234 bytes)

VM state: not at safepoint (normal execution)

VM Mutex/Monitor currently owned by a thread: None

Heap address: 0x00000000c9e00000, size: 866 MB, Compressed Oops mode: 32-bit

CDS archive(s) mapped at: [0x0000000800000000-0x0000000800bd0000-0x0000000800bd0000), size 12386304, SharedBaseAddress: 0x0000000800000000, ArchiveRelocationMode: 0.
Compressed class space mapped at: 0x0000000800c00000-0x0000000840c00000, reserved size: 1073741824
Narrow klass base: 0x0000000800000000, Narrow klass shift: 0, Narrow klass range: 0x100000000

GC Precious Log:
 CPUs: 4 total, 4 available
 Memory: 3463M
 Large Page Support: Disabled
 NUMA Support: Disabled
 Compressed Oops: Enabled (32-bit)
 Heap Region Size: 1M
 Heap Min Capacity: 8M
 Heap Initial Capacity: 56M
 Heap Max Capacity: 866M
 Pre-touch: Disabled
 Parallel Workers: 4
 Concurrent Workers: 1
 Concurrent Refinement Workers: 4
 Periodic GC: Disabled

Heap:
 garbage-first heap   total 51200K, used 28821K [0x00000000c9e00000, 0x0000000100000000)
  region size 1024K, 16 young (16384K), 4 survivors (4096K)
 Metaspace       used 30617K, committed 30976K, reserved 1081344K
  class space    used 3954K, committed 4096K, reserved 1048576K

Heap Regions: E=young(eden), S=young(survivor), O=old, HS=humongous(starts), HC=humongous(continues), CS=collection set, F=free, OA=open archive, CA=closed archive, TAMS=top-at-mark-start (previous, next)
|   0|0x00000000c9e00000, 0x00000000c9f00000, 0x00000000c9f00000|100%|HS|  |TAMS 0x00000000c9f00000, 0x00000000c9e00000| Complete 
|   1|0x00000000c9f00000, 0x00000000ca000000, 0x00000000ca000000|100%| O|  |TAMS 0x00000000ca000000, 0x00000000c9f00000| Untracked 
|   2|0x00000000ca000000, 0x00000000ca100000, 0x00000000ca100000|100%| O|  |TAMS 0x00000000ca100000, 0x00000000ca000000| Untracked 
|   3|0x00000000ca100000, 0x00000000ca200000, 0x00000000ca200000|100%| O|  |TAMS 0x00000000ca200000, 0x00000000ca100000| Untracked 
|   4|0x00000000ca200000, 0x00000000ca300000, 0x00000000ca300000|100%| O|  |TAMS 0x00000000ca300000, 0x00000000ca200000| Untracked 
|   5|0x00000000ca300000, 0x00000000ca400000, 0x00000000ca400000|100%| O|  |TAMS 0x00000000ca400000, 0x00000000ca300000| Untracked 
|   6|0x00000000ca400000, 0x00000000ca500000, 0x00000000ca500000|100%| O|  |TAMS 0x00000000ca500000, 0x00000000ca400000| Untracked 
|   7|0x00000000ca500000, 0x00000000ca600000, 0x00000000ca600000|100%| O|  |TAMS 0x00000000ca600000, 0x00000000ca500000| Untracked 
|   8|0x00000000ca600000, 0x00000000ca700000, 0x00000000ca700000|100%| O|  |TAMS 0x00000000ca69ec00, 0x00000000ca600000| Untracked 
|   9|0x00000000ca700000, 0x00000000ca800000, 0x00000000ca800000|100%| O|  |TAMS 0x00000000ca700000, 0x00000000ca700000| Untracked 
|  10|0x00000000ca800000, 0x00000000ca853400, 0x00000000ca900000| 32%| O|  |TAMS 0x00000000ca800000, 0x00000000ca800000| Untracked 
|  11|0x00000000ca900000, 0x00000000caa00000, 0x00000000caa00000|100%| O|  |TAMS 0x00000000ca900000, 0x00000000ca900000| Untracked 
|  12|0x00000000caa00000, 0x00000000cab00000, 0x00000000cab00000|100%| O|  |TAMS 0x00000000caa00000, 0x00000000caa00000| Untracked 
|  13|0x00000000cab00000, 0x00000000cabd2200, 0x00000000cac00000| 82%| O|  |TAMS 0x00000000cab00000, 0x00000000cab00000| Untracked 
|  14|0x00000000cac00000, 0x00000000cac00000, 0x00000000cad00000|  0%| F|  |TAMS 0x00000000cac00000, 0x00000000cac00000| Untracked 
|  15|0x00000000cad00000, 0x00000000cad00000, 0x00000000cae00000|  0%| F|  |TAMS 0x00000000cad00000, 0x00000000cad00000| Untracked 
|  16|0x00000000cae00000, 0x00000000cae00000, 0x00000000caf00000|  0%| F|  |TAMS 0x00000000cae00000, 0x00000000cae00000| Untracked 
|  17|0x00000000caf00000, 0x00000000caf00000, 0x00000000cb000000|  0%| F|  |TAMS 0x00000000caf00000, 0x00000000caf00000| Untracked 
|  18|0x00000000cb000000, 0x00000000cb000000, 0x00000000cb100000|  0%| F|  |TAMS 0x00000000cb000000, 0x00000000cb000000| Untracked 
|  19|0x00000000cb100000, 0x00000000cb100000, 0x00000000cb200000|  0%| F|  |TAMS 0x00000000cb100000, 0x00000000cb100000| Untracked 
|  20|0x00000000cb200000, 0x00000000cb200000, 0x00000000cb300000|  0%| F|  |TAMS 0x00000000cb200000, 0x00000000cb200000| Untracked 
|  21|0x00000000cb300000, 0x00000000cb300000, 0x00000000cb400000|  0%| F|  |TAMS 0x00000000cb300000, 0x00000000cb300000| Untracked 
|  22|0x00000000cb400000, 0x00000000cb400000, 0x00000000cb500000|  0%| F|  |TAMS 0x00000000cb400000, 0x00000000cb400000| Untracked 
|  23|0x00000000cb500000, 0x00000000cb500000, 0x00000000cb600000|  0%| F|  |TAMS 0x00000000cb500000, 0x00000000cb500000| Untracked 
|  24|0x00000000cb600000, 0x00000000cb600000, 0x00000000cb700000|  0%| F|  |TAMS 0x00000000cb600000, 0x00000000cb600000| Untracked 
|  25|0x00000000cb700000, 0x00000000cb800000, 0x00000000cb800000|100%| S|CS|TAMS 0x00000000cb700000, 0x00000000cb700000| Complete 
|  26|0x00000000cb800000, 0x00000000cb900000, 0x00000000cb900000|100%| S|CS|TAMS 0x00000000cb800000, 0x00000000cb800000| Complete 
|  27|0x00000000cb900000, 0x00000000cba00000, 0x00000000cba00000|100%| S|CS|TAMS 0x00000000cb900000, 0x00000000cb900000| Complete 
|  28|0x00000000cba00000, 0x00000000cbb00000, 0x00000000cbb00000|100%| S|CS|TAMS 0x00000000cba00000, 0x00000000cba00000| Complete 
|  29|0x00000000cbb00000, 0x00000000cbb00000, 0x00000000cbc00000|  0%| F|  |TAMS 0x00000000cbb00000, 0x00000000cbb00000| Untracked 
|  30|0x00000000cbc00000, 0x00000000cbc00000, 0x00000000cbd00000|  0%| F|  |TAMS 0x00000000cbc00000, 0x00000000cbc00000| Untracked 
|  31|0x00000000cbd00000, 0x00000000cbd00000, 0x00000000cbe00000|  0%| F|  |TAMS 0x00000000cbd00000, 0x00000000cbd00000| Untracked 
|  32|0x00000000cbe00000, 0x00000000cbe00000, 0x00000000cbf00000|  0%| F|  |TAMS 0x00000000cbe00000, 0x00000000cbe00000| Untracked 
|  33|0x00000000cbf00000, 0x00000000cbf00000, 0x00000000cc000000|  0%| F|  |TAMS 0x00000000cbf00000, 0x00000000cbf00000| Untracked 
|  34|0x00000000cc000000, 0x00000000cc000000, 0x00000000cc100000|  0%| F|  |TAMS 0x00000000cc000000, 0x00000000cc000000| Untracked 
|  35|0x00000000cc100000, 0x00000000cc100000, 0x00000000cc200000|  0%| F|  |TAMS 0x00000000cc100000, 0x00000000cc100000| Untracked 
|  36|0x00000000cc200000, 0x00000000cc200000, 0x00000000cc300000|  0%| F|  |TAMS 0x00000000cc200000, 0x00000000cc200000| Untracked 
|  37|0x00000000cc300000, 0x00000000cc300000, 0x00000000cc400000|  0%| F|  |TAMS 0x00000000cc300000, 0x00000000cc300000| Untracked 
|  38|0x00000000cc400000, 0x00000000cc4c2af8, 0x00000000cc500000| 76%| E|  |TAMS 0x00000000cc400000, 0x00000000cc400000| Complete 
|  39|0x00000000cc500000, 0x00000000cc600000, 0x00000000cc600000|100%| E|CS|TAMS 0x00000000cc500000, 0x00000000cc500000| Complete 
|  40|0x00000000cc600000, 0x00000000cc700000, 0x00000000cc700000|100%| E|CS|TAMS 0x00000000cc600000, 0x00000000cc600000| Complete 
|  41|0x00000000cc700000, 0x00000000cc800000, 0x00000000cc800000|100%| E|CS|TAMS 0x00000000cc700000, 0x00000000cc700000| Complete 
|  42|0x00000000cc800000, 0x00000000cc900000, 0x00000000cc900000|100%| E|CS|TAMS 0x00000000cc800000, 0x00000000cc800000| Complete 
|  43|0x00000000cc900000, 0x00000000cca00000, 0x00000000cca00000|100%| E|CS|TAMS 0x00000000cc900000, 0x00000000cc900000| Complete 
|  44|0x00000000cca00000, 0x00000000ccb00000, 0x00000000ccb00000|100%| E|CS|TAMS 0x00000000cca00000, 0x00000000cca00000| Complete 
|  45|0x00000000ccb00000, 0x00000000ccc00000, 0x00000000ccc00000|100%| E|CS|TAMS 0x00000000ccb00000, 0x00000000ccb00000| Complete 
|  46|0x00000000ccc00000, 0x00000000ccd00000, 0x00000000ccd00000|100%| E|CS|TAMS 0x00000000ccc00000, 0x00000000ccc00000| Complete 
|  47|0x00000000ccd00000, 0x00000000cce00000, 0x00000000cce00000|100%| E|CS|TAMS 0x00000000ccd00000, 0x00000000ccd00000| Complete 
|  48|0x00000000cce00000, 0x00000000ccf00000, 0x00000000ccf00000|100%| E|CS|TAMS 0x00000000cce00000, 0x00000000cce00000| Complete 
|  55|0x00000000cd500000, 0x00000000cd600000, 0x00000000cd600000|100%| E|CS|TAMS 0x00000000cd500000, 0x00000000cd500000| Complete 

Card table byte_map: [0x00000200253c0000,0x0000020025580000] _byte_map_base: 0x0000020024d71000

Marking Bits (Prev, Next): (CMBitMap*) 0x000002000cba65d0, (CMBitMap*) 0x000002000cba6590
 Prev Bits: [0x00000200264d0000, 0x0000020027258000)
 Next Bits: [0x0000020025740000, 0x00000200264c8000)

Polling page: 0x000002000cc30000

Metaspace:

Usage:
  Non-class:     26.05 MB used.
      Class:      3.86 MB used.
       Both:     29.92 MB used.

Virtual space:
  Non-class space:       32.00 MB reserved,      26.25 MB ( 82%) committed,  4 nodes.
      Class space:        1.00 GB reserved,       4.00 MB ( <1%) committed,  1 nodes.
             Both:        1.03 GB reserved,      30.25 MB (  3%) committed. 

Chunk freelists:
   Non-Class:  1.08 MB
       Class:  3.95 MB
        Both:  5.03 MB

MaxMetaspaceSize: unlimited
CompressedClassSpaceSize: 1.00 GB
Initial GC threshold: 21.00 MB
Current GC threshold: 35.25 MB
CDS: on
MetaspaceReclaimPolicy: balanced
 - commit_granule_bytes: 65536.
 - commit_granule_words: 8192.
 - virtual_space_node_default_size: 1048576.
 - enlarge_chunks_in_place: 1.
 - new_chunks_are_fully_committed: 0.
 - uncommit_free_chunks: 1.
 - use_allocation_guard: 0.
 - handle_deallocations: 1.


Internal statistics:

num_allocs_failed_limit: 3.
num_arena_births: 328.
num_arena_deaths: 0.
num_vsnodes_births: 5.
num_vsnodes_deaths: 0.
num_space_committed: 484.
num_space_uncommitted: 0.
num_chunks_returned_to_freelist: 3.
num_chunks_taken_from_freelist: 1441.
num_chunk_merges: 3.
num_chunk_splits: 958.
num_chunks_enlarged: 706.
num_purges: 0.
num_inconsistent_stats: 0.

CodeHeap 'non-profiled nmethods': size=120000Kb used=1724Kb max_used=1724Kb free=118276Kb
 bounds [0x000002001d680000, 0x000002001d8f0000, 0x0000020024bb0000]
CodeHeap 'profiled nmethods': size=120000Kb used=8575Kb max_used=8575Kb free=111425Kb
 bounds [0x0000020015bb0000, 0x0000020016410000, 0x000002001d0e0000]
CodeHeap 'non-nmethods': size=5760Kb used=1193Kb max_used=1236Kb free=4567Kb
 bounds [0x000002001d0e0000, 0x000002001d350000, 0x000002001d680000]
 total_blobs=4531 nmethods=4044 adapters=398
 compilation: enabled
              stopped_count=0, restarted_count=0
 full_count=0

Compilation events (20 events):
Event: 10.614 Thread 0x00000200297e3b90 4062       2       java.nio.charset.Charset::aliases (64 bytes)
Event: 10.614 Thread 0x00000200297e3b90 nmethod 4062 0x000002001640bb90 code [0x000002001640bd80, 0x000002001640c278]
Event: 10.634 Thread 0x00000200297e3b90 4063       2       java.nio.ByteBuffer::hasArray (20 bytes)
Event: 10.634 Thread 0x00000200297e3b90 nmethod 4063 0x000002001640c490 code [0x000002001640c620, 0x000002001640c758]
Event: 10.634 Thread 0x00000200297e3b90 4064       2       java.nio.CharBuffer::hasArray (20 bytes)
Event: 10.634 Thread 0x00000200297e3b90 nmethod 4064 0x000002001640c810 code [0x000002001640c9a0, 0x000002001640cad8]
Event: 10.634 Thread 0x00000200297e3b90 4065       2       sun.nio.cs.UTF_8::updatePositions (23 bytes)
Event: 10.634 Thread 0x00000200297e3b90 nmethod 4065 0x000002001640cb90 code [0x000002001640cd60, 0x000002001640cf18]
Event: 10.634 Thread 0x00000200297e3b90 4066       1       java.nio.charset.CharsetDecoder::averageCharsPerByte (5 bytes)
Event: 10.635 Thread 0x00000200297e3b90 nmethod 4066 0x000002001d82e710 code [0x000002001d82e8a0, 0x000002001d82e978]
Event: 10.646 Thread 0x00000200297e3b90 4068       3       java.util.Properties::loadConvert (540 bytes)
Event: 10.648 Thread 0x00000200297e3b90 nmethod 4068 0x000002001640d010 code [0x000002001640d300, 0x000002001640e738]
Event: 10.648 Thread 0x00000200297e3b90 4069       2       java.nio.CharBuffer::limit (8 bytes)
Event: 10.648 Thread 0x00000200297e3b90 nmethod 4069 0x000002001640ed90 code [0x000002001640ef20, 0x000002001640f048]
Event: 10.654 Thread 0x00000200297e3b90 4070       2       java.nio.CharBuffer::<init> (24 bytes)
Event: 10.654 Thread 0x00000200297e3b90 nmethod 4070 0x000002001640f110 code [0x000002001640f2a0, 0x000002001640f428]
Event: 10.654 Thread 0x00000200297e3b90 4071       2       java.nio.CharBuffer::limit (6 bytes)
Event: 10.654 Thread 0x00000200297e3b90 nmethod 4071 0x000002001640f510 code [0x000002001640f6a0, 0x000002001640f7c8]
Event: 10.722 Thread 0x00000200297e3b90 4072       2       java.util.ImmutableCollections$ListItr::hasNext (17 bytes)
Event: 10.722 Thread 0x00000200297e3b90 nmethod 4072 0x000002001640f890 code [0x000002001640fa20, 0x000002001640fb38]

GC Heap History (16 events):
Event: 1.775 GC heap before
{Heap before GC invocations=0 (full 0):
 garbage-first heap   total 57344K, used 13312K [0x00000000c9e00000, 0x0000000100000000)
  region size 1024K, 13 young (13312K), 0 survivors (0K)
 Metaspace       used 3023K, committed 3200K, reserved 1056768K
  class space    used 293K, committed 384K, reserved 1048576K
}
Event: 1.786 GC heap after
{Heap after GC invocations=1 (full 0):
 garbage-first heap   total 57344K, used 6807K [0x00000000c9e00000, 0x0000000100000000)
  region size 1024K, 2 young (2048K), 2 survivors (2048K)
 Metaspace       used 3023K, committed 3200K, reserved 1056768K
  class space    used 293K, committed 384K, reserved 1048576K
}
Event: 2.520 GC heap before
{Heap before GC invocations=1 (full 0):
 garbage-first heap   total 57344K, used 14999K [0x00000000c9e00000, 0x0000000100000000)
  region size 1024K, 11 young (11264K), 2 survivors (2048K)
 Metaspace       used 5368K, committed 5504K, reserved 1056768K
  class space    used 599K, committed 704K, reserved 1048576K
}
Event: 2.524 GC heap after
{Heap after GC invocations=2 (full 0):
 garbage-first heap   total 57344K, used 7239K [0x00000000c9e00000, 0x0000000100000000)
  region size 1024K, 1 young (1024K), 1 survivors (1024K)
 Metaspace       used 5368K, committed 5504K, reserved 1056768K
  class space    used 599K, committed 704K, reserved 1048576K
}
Event: 3.706 GC heap before
{Heap before GC invocations=2 (full 0):
 garbage-first heap   total 57344K, used 25671K [0x00000000c9e00000, 0x0000000100000000)
  region size 1024K, 19 young (19456K), 1 survivors (1024K)
 Metaspace       used 10157K, committed 10368K, reserved 1064960K
  class space    used 1250K, committed 1344K, reserved 1048576K
}
Event: 3.711 GC heap after
{Heap after GC invocations=3 (full 0):
 garbage-first heap   total 57344K, used 8917K [0x00000000c9e00000, 0x0000000100000000)
  region size 1024K, 3 young (3072K), 3 survivors (3072K)
 Metaspace       used 10157K, committed 10368K, reserved 1064960K
  class space    used 1250K, committed 1344K, reserved 1048576K
}
Event: 4.732 GC heap before
{Heap before GC invocations=3 (full 0):
 garbage-first heap   total 57344K, used 31445K [0x00000000c9e00000, 0x0000000100000000)
  region size 1024K, 26 young (26624K), 3 survivors (3072K)
 Metaspace       used 15405K, committed 15616K, reserved 1064960K
  class space    used 2010K, committed 2112K, reserved 1048576K
}
Event: 4.738 GC heap after
{Heap after GC invocations=4 (full 0):
 garbage-first heap   total 57344K, used 10584K [0x00000000c9e00000, 0x0000000100000000)
  region size 1024K, 4 young (4096K), 4 survivors (4096K)
 Metaspace       used 15405K, committed 15616K, reserved 1064960K
  class space    used 2010K, committed 2112K, reserved 1048576K
}
Event: 5.572 GC heap before
{Heap before GC invocations=4 (full 0):
 garbage-first heap   total 57344K, used 35160K [0x00000000c9e00000, 0x0000000100000000)
  region size 1024K, 29 young (29696K), 4 survivors (4096K)
 Metaspace       used 19460K, committed 19712K, reserved 1073152K
  class space    used 2463K, committed 2560K, reserved 1048576K
}
Event: 5.578 GC heap after
{Heap after GC invocations=5 (full 0):
 garbage-first heap   total 57344K, used 12182K [0x00000000c9e00000, 0x0000000100000000)
  region size 1024K, 4 young (4096K), 4 survivors (4096K)
 Metaspace       used 19460K, committed 19712K, reserved 1073152K
  class space    used 2463K, committed 2560K, reserved 1048576K
}
Event: 6.734 GC heap before
{Heap before GC invocations=5 (full 0):
 garbage-first heap   total 57344K, used 32662K [0x00000000c9e00000, 0x0000000100000000)
  region size 1024K, 26 young (26624K), 4 survivors (4096K)
 Metaspace       used 21306K, committed 21504K, reserved 1073152K
  class space    used 2699K, committed 2816K, reserved 1048576K
}
Event: 6.740 GC heap after
{Heap after GC invocations=6 (full 0):
 garbage-first heap   total 57344K, used 13497K [0x00000000c9e00000, 0x0000000100000000)
  region size 1024K, 3 young (3072K), 3 survivors (3072K)
 Metaspace       used 21306K, committed 21504K, reserved 1073152K
  class space    used 2699K, committed 2816K, reserved 1048576K
}
Event: 8.743 GC heap before
{Heap before GC invocations=7 (full 0):
 garbage-first heap   total 51200K, used 41145K [0x00000000c9e00000, 0x0000000100000000)
  region size 1024K, 30 young (30720K), 3 survivors (3072K)
 Metaspace       used 24274K, committed 24576K, reserved 1073152K
  class space    used 3082K, committed 3264K, reserved 1048576K
}
Event: 8.751 GC heap after
{Heap after GC invocations=8 (full 0):
 garbage-first heap   total 51200K, used 15355K [0x00000000c9e00000, 0x0000000100000000)
  region size 1024K, 4 young (4096K), 4 survivors (4096K)
 Metaspace       used 24274K, committed 24576K, reserved 1073152K
  class space    used 3082K, committed 3264K, reserved 1048576K
}
Event: 9.961 GC heap before
{Heap before GC invocations=8 (full 0):
 garbage-first heap   total 51200K, used 35835K [0x00000000c9e00000, 0x0000000100000000)
  region size 1024K, 25 young (25600K), 4 survivors (4096K)
 Metaspace       used 28156K, committed 28480K, reserved 1081344K
  class space    used 3637K, committed 3776K, reserved 1048576K
}
Event: 9.969 GC heap after
{Heap after GC invocations=9 (full 0):
 garbage-first heap   total 51200K, used 17557K [0x00000000c9e00000, 0x0000000100000000)
  region size 1024K, 4 young (4096K), 4 survivors (4096K)
 Metaspace       used 28156K, committed 28480K, reserved 1081344K
  class space    used 3637K, committed 3776K, reserved 1048576K
}

Deoptimization events (20 events):
Event: 10.205 Thread 0x000002002af08600 Uncommon trap: trap_request=0xffffff45 fr.pc=0x000002001d75885c relative=0x000000000000029c
Event: 10.205 Thread 0x000002002af08600 Uncommon trap: reason=unstable_if action=reinterpret pc=0x000002001d75885c method=java.util.concurrent.ConcurrentHashMap.get(Ljava/lang/Object;)Ljava/lang/Object; @ 152 c2
Event: 10.205 Thread 0x000002002af08600 DEOPT PACKING pc=0x000002001d75885c sp=0x000000e8427fc250
Event: 10.205 Thread 0x000002002af08600 DEOPT UNPACKING pc=0x000002001d1323a3 sp=0x000000e8427fc1b8 mode 2
Event: 10.246 Thread 0x000002002af08600 Uncommon trap: trap_request=0xffffff45 fr.pc=0x000002001d7e09c8 relative=0x00000000000002a8
Event: 10.246 Thread 0x000002002af08600 Uncommon trap: reason=unstable_if action=reinterpret pc=0x000002001d7e09c8 method=java.util.LinkedHashMap.get(Ljava/lang/Object;)Ljava/lang/Object; @ 16 c2
Event: 10.246 Thread 0x000002002af08600 DEOPT PACKING pc=0x000002001d7e09c8 sp=0x000000e8427fd880
Event: 10.246 Thread 0x000002002af08600 DEOPT UNPACKING pc=0x000002001d1323a3 sp=0x000000e8427fd838 mode 2
Event: 10.264 Thread 0x000002002af08600 DEOPT PACKING pc=0x0000020015fdb862 sp=0x000000e8427fc3d0
Event: 10.264 Thread 0x000002002af08600 DEOPT UNPACKING pc=0x000002001d132b43 sp=0x000000e8427fb8e0 mode 0
Event: 10.507 Thread 0x000002002af08600 DEOPT PACKING pc=0x00000200163f6131 sp=0x000000e8427fcc20
Event: 10.507 Thread 0x000002002af08600 DEOPT UNPACKING pc=0x000002001d132b43 sp=0x000000e8427fc0d8 mode 0
Event: 10.586 Thread 0x000002002af08600 DEOPT PACKING pc=0x00000200163f6131 sp=0x000000e8427fccc0
Event: 10.586 Thread 0x000002002af08600 DEOPT UNPACKING pc=0x000002001d132b43 sp=0x000000e8427fc178 mode 0
Event: 10.646 Thread 0x000002002af08600 Uncommon trap: trap_request=0xffffff45 fr.pc=0x000002001d772a44 relative=0x0000000000000844
Event: 10.646 Thread 0x000002002af08600 Uncommon trap: reason=unstable_if action=reinterpret pc=0x000002001d772a44 method=java.util.Properties.loadConvert([CIILjava/lang/StringBuilder;)Ljava/lang/String; @ 148 c2
Event: 10.646 Thread 0x000002002af08600 DEOPT PACKING pc=0x000002001d772a44 sp=0x000000e8427fcea0
Event: 10.646 Thread 0x000002002af08600 DEOPT UNPACKING pc=0x000002001d1323a3 sp=0x000000e8427fce40 mode 2
Event: 10.655 Thread 0x000002002af08600 DEOPT PACKING pc=0x000002001640e3e6 sp=0x000000e8427fce70
Event: 10.655 Thread 0x000002002af08600 DEOPT UNPACKING pc=0x000002001d132b43 sp=0x000000e8427fc338 mode 0

Classes unloaded (0 events):
No events

Classes redefined (0 events):
No events

Internal exceptions (20 events):
Event: 9.707 Thread 0x000002002af08600 Exception <a 'java/lang/ClassNotFoundException'{0x00000000cc02d700}: org/springframework/beans/factory/SmartInitializingSingletonCustomizer> (0x00000000cc02d700) 
thrown [s\open\src\hotspot\share\classfile\systemDictionary.cpp, line 256]
Event: 9.708 Thread 0x000002002af08600 Exception <a 'java/lang/ClassNotFoundException'{0x00000000cc0331d8}: org/springframework/beans/factory/BeanFactoryAwareCustomizer> (0x00000000cc0331d8) 
thrown [s\open\src\hotspot\share\classfile\systemDictionary.cpp, line 256]
Event: 9.708 Thread 0x000002002af08600 Exception <a 'java/lang/ClassNotFoundException'{0x00000000cc0395e0}: org/springframework/beans/factory/AwareCustomizer> (0x00000000cc0395e0) 
thrown [s\open\src\hotspot\share\classfile\systemDictionary.cpp, line 256]
Event: 9.728 Thread 0x000002002af08600 Exception <a 'java/lang/ClassNotFoundException'{0x00000000cc0ad6f0}: java/lang/ObjectCustomizer> (0x00000000cc0ad6f0) 
thrown [s\open\src\hotspot\share\classfile\systemDictionary.cpp, line 256]
Event: 9.729 Thread 0x000002002af08600 Exception <a 'java/lang/ClassNotFoundException'{0x00000000cc0b5318}: org/springframework/aop/support/AbstractPointcutAdvisorCustomizer> (0x00000000cc0b5318) 
thrown [s\open\src\hotspot\share\classfile\systemDictionary.cpp, line 256]
Event: 9.730 Thread 0x000002002af08600 Exception <a 'java/lang/ClassNotFoundException'{0x00000000cc0be6d0}: org/springframework/security/access/intercept/aopalliance/MethodSecurityMetadataSourceAdvisorCustomizer> (0x00000000cc0be6d0) 
thrown [s\open\src\hotspot\share\classfile\systemDictionary.cpp, line 256]
Event: 9.731 Thread 0x000002002af08600 Exception <a 'java/lang/ClassNotFoundException'{0x00000000cc0ca7b0}: org/springframework/beans/factory/BeanFactoryAwareCustomizer> (0x00000000cc0ca7b0) 
thrown [s\open\src\hotspot\share\classfile\systemDictionary.cpp, line 256]
Event: 9.732 Thread 0x000002002af08600 Exception <a 'java/lang/ClassNotFoundException'{0x00000000cc0d0118}: org/springframework/beans/factory/AwareCustomizer> (0x00000000cc0d0118) 
thrown [s\open\src\hotspot\share\classfile\systemDictionary.cpp, line 256]
Event: 9.733 Thread 0x000002002af08600 Exception <a 'java/lang/ClassNotFoundException'{0x00000000cc0d4608}: org/springframework/aop/PointcutAdvisorCustomizer> (0x00000000cc0d4608) 
thrown [s\open\src\hotspot\share\classfile\systemDictionary.cpp, line 256]
Event: 9.734 Thread 0x000002002af08600 Exception <a 'java/lang/ClassNotFoundException'{0x00000000cc0d9b38}: org/springframework/aop/AdvisorCustomizer> (0x00000000cc0d9b38) 
thrown [s\open\src\hotspot\share\classfile\systemDictionary.cpp, line 256]
Event: 9.735 Thread 0x000002002af08600 Exception <a 'java/lang/ClassNotFoundException'{0x00000000cc0df860}: org/springframework/core/OrderedCustomizer> (0x00000000cc0df860) 
thrown [s\open\src\hotspot\share\classfile\systemDictionary.cpp, line 256]
Event: 9.907 Thread 0x000002002af08600 Exception <a 'java/lang/NoSuchMethodError'{0x00000000cbcaa1c0}: 'java.lang.Object java.lang.invoke.DirectMethodHandle$Holder.invokeStatic(java.lang.Object, java.lang.Object, int)'> (0x00000000cbcaa1c0) 
thrown [s\open\src\hotspot\share\interpreter\linkResolver.cpp, line 759]
Event: 9.909 Thread 0x000002002af08600 Exception <a 'java/lang/NoSuchMethodError'{0x00000000cbcb5e08}: 'void java.lang.invoke.DelegatingMethodHandle$Holder.delegate(java.lang.Object, java.lang.Object, int, java.lang.Object)'> (0x00000000cbcb5e08) 
thrown [s\open\src\hotspot\share\interpreter\linkResolver.cpp, line 759]
Event: 9.937 Thread 0x000002002af08600 Exception <a 'java/lang/NoSuchMethodError'{0x00000000cbb4c258}: 'void java.lang.invoke.DirectMethodHandle$Holder.invokeStatic(java.lang.Object, java.lang.Object, int)'> (0x00000000cbb4c258) 
thrown [s\open\src\hotspot\share\interpreter\linkResolver.cpp, line 759]
Event: 10.029 Thread 0x000002002af08600 Exception <a 'java/lang/NoSuchMethodError'{0x00000000cd5c54e0}: 'void java.lang.invoke.DirectMethodHandle$Holder.invokeInterface(java.lang.Object, java.lang.Object, int)'> (0x00000000cd5c54e0) 
thrown [s\open\src\hotspot\share\interpreter\linkResolver.cpp, line 759]
Event: 10.053 Thread 0x000002002af08600 Exception <a 'java/lang/IncompatibleClassChangeError'{0x00000000cce15498}: Found class java.lang.Object, but interface was expected> (0x00000000cce15498) 
thrown [s\open\src\hotspot\share\interpreter\linkResolver.cpp, line 826]
Event: 10.054 Thread 0x000002002af08600 Exception <a 'java/lang/NoSuchMethodError'{0x00000000cce1a620}: 'void java.lang.invoke.DirectMethodHandle$Holder.invokeStatic(java.lang.Object, int, java.lang.Object)'> (0x00000000cce1a620) 
thrown [s\open\src\hotspot\share\interpreter\linkResolver.cpp, line 759]
Event: 10.059 Thread 0x000002002af08600 Exception <a 'java/lang/NoSuchMethodError'{0x00000000cce4fc00}: 'int java.lang.invoke.DirectMethodHandle$Holder.invokeSpecial(java.lang.Object, java.lang.Object, int)'> (0x00000000cce4fc00) 
thrown [s\open\src\hotspot\share\interpreter\linkResolver.cpp, line 759]
Event: 10.286 Thread 0x000002002af08600 Exception <a 'java/lang/NoSuchMethodError'{0x00000000cc9673d8}: 'java.lang.Object java.lang.invoke.DirectMethodHandle$Holder.invokeStaticInit(java.lang.Object, int, int, int, int)'> (0x00000000cc9673d8) 
thrown [s\open\src\hotspot\share\interpreter\linkResolver.cpp, line 759]
Event: 10.469 Thread 0x000002002af08600 Exception <a 'java/lang/NoSuchMethodError'{0x00000000cc9adf60}: 'java.lang.Object java.lang.invoke.DirectMethodHandle$Holder.invokeStaticInit(java.lang.Object, java.lang.Object, int, int, int, int)'> (0x00000000cc9adf60) 
thrown [s\open\src\hotspot\share\interpreter\linkResolver.cpp, line 759]

VM Operations (20 events):
Event: 9.741 Executing VM operation: HandshakeAllThreads
Event: 9.741 Executing VM operation: HandshakeAllThreads done
Event: 9.804 Executing VM operation: HandshakeAllThreads
Event: 9.804 Executing VM operation: HandshakeAllThreads done
Event: 9.804 Executing VM operation: Cleanup
Event: 9.804 Executing VM operation: Cleanup done
Event: 9.907 Executing VM operation: HandshakeAllThreads
Event: 9.907 Executing VM operation: HandshakeAllThreads done
Event: 9.921 Executing VM operation: HandshakeAllThreads
Event: 9.921 Executing VM operation: HandshakeAllThreads done
Event: 9.961 Executing VM operation: G1CollectForAllocation
Event: 9.969 Executing VM operation: G1CollectForAllocation done
Event: 10.186 Executing VM operation: HandshakeAllThreads
Event: 10.186 Executing VM operation: HandshakeAllThreads done
Event: 10.271 Executing VM operation: HandshakeAllThreads
Event: 10.271 Executing VM operation: HandshakeAllThreads done
Event: 10.459 Executing VM operation: HandshakeAllThreads
Event: 10.459 Executing VM operation: HandshakeAllThreads done
Event: 10.460 Executing VM operation: HandshakeAllThreads
Event: 10.460 Executing VM operation: HandshakeAllThreads done

Events (20 events):
Event: 10.633 loading class java/nio/BufferUnderflowException
Event: 10.633 loading class java/nio/BufferUnderflowException done
Event: 10.711 loading class javax/management/NotificationBroadcasterSupport
Event: 10.711 loading class javax/management/NotificationBroadcasterSupport done
Event: 10.711 loading class javax/management/NotificationBroadcasterSupport$1
Event: 10.711 loading class javax/management/NotificationBroadcasterSupport$1 done
Event: 10.711 loading class javax/management/MBeanNotificationInfo
Event: 10.711 loading class javax/management/MBeanNotificationInfo done
Event: 10.711 loading class com/sun/jmx/remote/util/ClassLogger
Event: 10.711 loading class com/sun/jmx/remote/util/ClassLogger done
Event: 10.712 loading class jdk/internal/logger/LazyLoggers
Event: 10.712 loading class jdk/internal/logger/LazyLoggers done
Event: 10.712 loading class jdk/internal/logger/LazyLoggers$1
Event: 10.712 loading class jdk/internal/logger/LazyLoggers$1 done
Event: 10.712 loading class jdk/internal/logger/LazyLoggers$LazyLoggerFactories
Event: 10.712 loading class jdk/internal/logger/LazyLoggers$LazyLoggerFactories done
Event: 10.713 loading class jdk/internal/logger/LoggerFinderLoader
Event: 10.713 loading class jdk/internal/logger/LoggerFinderLoader done
Event: 10.713 loading class sun/util/logging/internal/LoggingProviderImpl$JULWrapper
Event: 10.714 loading class sun/util/logging/internal/LoggingProviderImpl$JULWrapper done


Dynamic libraries:
0x00007ff7c7d60000 - 0x00007ff7c7d70000 	C:\Program Files\Java\jdk-17\bin\java.exe
0x00007ff92e210000 - 0x00007ff92e426000 	C:\WINDOWS\SYSTEM32\ntdll.dll
0x00007ff92c970000 - 0x00007ff92ca34000 	C:\WINDOWS\System32\KERNEL32.DLL
0x00007ff92b6f0000 - 0x00007ff92ba97000 	C:\WINDOWS\System32\KERNELBASE.dll
0x00007ff92bd00000 - 0x00007ff92be11000 	C:\WINDOWS\System32\ucrtbase.dll
0x00007ff9269f0000 - 0x00007ff926a09000 	C:\Program Files\Java\jdk-17\bin\jli.dll
0x00007ff92bf40000 - 0x00007ff92bff2000 	C:\WINDOWS\System32\ADVAPI32.dll
0x00007ff92c1d0000 - 0x00007ff92c277000 	C:\WINDOWS\System32\msvcrt.dll
0x00007ff8fac40000 - 0x00007ff8fac5b000 	C:\Program Files\Java\jdk-17\bin\VCRUNTIME140.dll
0x00007ff92def0000 - 0x00007ff92df98000 	C:\WINDOWS\System32\sechost.dll
0x00007ff92bf10000 - 0x00007ff92bf38000 	C:\WINDOWS\System32\bcrypt.dll
0x00007ff92d0b0000 - 0x00007ff92d1c5000 	C:\WINDOWS\System32\RPCRT4.dll
0x00007ff92dfa0000 - 0x00007ff92e14e000 	C:\WINDOWS\System32\USER32.dll
0x00007ff916670000 - 0x00007ff916903000 	C:\WINDOWS\WinSxS\amd64_microsoft.windows.common-controls_6595b64144ccf1df_6.0.22621.3235_none_270f74e173860f98\COMCTL32.dll
0x00007ff92bee0000 - 0x00007ff92bf06000 	C:\WINDOWS\System32\win32u.dll
0x00007ff92cf70000 - 0x00007ff92cf99000 	C:\WINDOWS\System32\GDI32.dll
0x00007ff92b5d0000 - 0x00007ff92b6e9000 	C:\WINDOWS\System32\gdi32full.dll
0x00007ff92b530000 - 0x00007ff92b5ca000 	C:\WINDOWS\System32\msvcp_win.dll
0x00007ff922ac0000 - 0x00007ff922aca000 	C:\WINDOWS\SYSTEM32\VERSION.dll
0x00007ff92d1d0000 - 0x00007ff92d201000 	C:\WINDOWS\System32\IMM32.DLL
0x00007ff9269e0000 - 0x00007ff9269ec000 	C:\Program Files\Java\jdk-17\bin\vcruntime140_1.dll
0x00007ff8ee280000 - 0x00007ff8ee30e000 	C:\Program Files\Java\jdk-17\bin\msvcp140.dll
0x00007ff8ebe00000 - 0x00007ff8ec9dd000 	C:\Program Files\Java\jdk-17\bin\server\jvm.dll
0x00007ff92c7e0000 - 0x00007ff92c7e8000 	C:\WINDOWS\System32\PSAPI.DLL
0x00007ff924bd0000 - 0x00007ff924c04000 	C:\WINDOWS\SYSTEM32\WINMM.dll
0x00007ff90b610000 - 0x00007ff90b619000 	C:\WINDOWS\SYSTEM32\WSOCK32.dll
0x00007ff92c8f0000 - 0x00007ff92c961000 	C:\WINDOWS\System32\WS2_32.dll
0x00007ff92a570000 - 0x00007ff92a588000 	C:\WINDOWS\SYSTEM32\kernel.appcore.dll
0x00007ff914320000 - 0x00007ff91432a000 	C:\Program Files\Java\jdk-17\bin\jimage.dll
0x00007ff91fd20000 - 0x00007ff91ff53000 	C:\WINDOWS\SYSTEM32\DBGHELP.DLL
0x00007ff92cac0000 - 0x00007ff92ce48000 	C:\WINDOWS\System32\combase.dll
0x00007ff92c3e0000 - 0x00007ff92c4b7000 	C:\WINDOWS\System32\OLEAUT32.dll
0x00007ff90f890000 - 0x00007ff90f8c2000 	C:\WINDOWS\SYSTEM32\dbgcore.DLL
0x00007ff92baa0000 - 0x00007ff92bb19000 	C:\WINDOWS\System32\bcryptPrimitives.dll
0x00007ff924c50000 - 0x00007ff924c5e000 	C:\Program Files\Java\jdk-17\bin\instrument.dll
0x00007ff8ee250000 - 0x00007ff8ee275000 	C:\Program Files\Java\jdk-17\bin\java.dll
0x00007ff8ee170000 - 0x00007ff8ee247000 	C:\Program Files\Java\jdk-17\bin\jsvml.dll
0x00007ff92d210000 - 0x00007ff92da6c000 	C:\WINDOWS\System32\SHELL32.dll
0x00007ff929490000 - 0x00007ff929d89000 	C:\WINDOWS\SYSTEM32\windows.storage.dll
0x00007ff929350000 - 0x00007ff92948e000 	C:\WINDOWS\SYSTEM32\wintypes.dll
0x00007ff92cfb0000 - 0x00007ff92d0a3000 	C:\WINDOWS\System32\SHCORE.dll
0x00007ff92ca60000 - 0x00007ff92cabe000 	C:\WINDOWS\System32\shlwapi.dll
0x00007ff92b460000 - 0x00007ff92b481000 	C:\WINDOWS\SYSTEM32\profapi.dll
0x00007ff8ee130000 - 0x00007ff8ee148000 	C:\Program Files\Java\jdk-17\bin\zip.dll
0x00007ff8eea80000 - 0x00007ff8eea99000 	C:\Program Files\Java\jdk-17\bin\net.dll
0x00007ff924a90000 - 0x00007ff924bc6000 	C:\WINDOWS\SYSTEM32\WINHTTP.dll
0x00007ff92a9e0000 - 0x00007ff92aa49000 	C:\WINDOWS\system32\mswsock.dll
0x00007ff8ee150000 - 0x00007ff8ee166000 	C:\Program Files\Java\jdk-17\bin\nio.dll
0x00007ff91fca0000 - 0x00007ff91fcba000 	C:\Program Files\JetBrains\IntelliJ IDEA Community Edition 2023.1\bin\breakgen64.dll
0x00007ff926250000 - 0x00007ff926260000 	C:\Program Files\Java\jdk-17\bin\verify.dll
0x00007ff915460000 - 0x00007ff91546a000 	C:\Program Files\Java\jdk-17\bin\management.dll
0x00007ff915450000 - 0x00007ff91545b000 	C:\Program Files\Java\jdk-17\bin\management_ext.dll
0x00007ff914360000 - 0x00007ff914377000 	C:\WINDOWS\system32\napinsp.dll
0x00007ff914340000 - 0x00007ff91435b000 	C:\WINDOWS\system32\pnrpnsp.dll
0x00007ff92a0b0000 - 0x00007ff92a1a9000 	C:\WINDOWS\SYSTEM32\DNSAPI.dll
0x00007ff92a030000 - 0x00007ff92a05d000 	C:\WINDOWS\SYSTEM32\IPHLPAPI.DLL
0x00007ff92c000000 - 0x00007ff92c009000 	C:\WINDOWS\System32\NSI.dll
0x00007ff913fc0000 - 0x00007ff913fd1000 	C:\WINDOWS\System32\winrnr.dll
0x00007ff9045a0000 - 0x00007ff9045b5000 	C:\WINDOWS\system32\wshbth.dll
0x00007ff9261c0000 - 0x00007ff9261e1000 	C:\WINDOWS\system32\nlansp_c.dll
0x00007ff912340000 - 0x00007ff91234a000 	C:\Windows\System32\rasadhlp.dll
0x00007ff922a30000 - 0x00007ff922ab3000 	C:\WINDOWS\System32\fwpuclnt.dll
0x00007ff92ac40000 - 0x00007ff92ac5b000 	C:\WINDOWS\SYSTEM32\CRYPTSP.dll
0x00007ff92a4d0000 - 0x00007ff92a505000 	C:\WINDOWS\system32\rsaenh.dll
0x00007ff92aae0000 - 0x00007ff92ab08000 	C:\WINDOWS\SYSTEM32\USERENV.dll
0x00007ff92ac60000 - 0x00007ff92ac6c000 	C:\WINDOWS\SYSTEM32\CRYPTBASE.dll
0x00007ff924010000 - 0x00007ff924029000 	C:\WINDOWS\SYSTEM32\dhcpcsvc6.DLL
0x00007ff923ff0000 - 0x00007ff92400f000 	C:\WINDOWS\SYSTEM32\dhcpcsvc.DLL

dbghelp: loaded successfully - version: 4.0.5 - missing functions: none
symbol engine: initialized successfully - sym options: 0x614 - pdb path: .;C:\Program Files\Java\jdk-17\bin;C:\WINDOWS\SYSTEM32;C:\WINDOWS\WinSxS\amd64_microsoft.windows.common-controls_6595b64144ccf1df_6.0.22621.3235_none_270f74e173860f98;C:\Program Files\Java\jdk-17\bin\server;C:\Program Files\JetBrains\IntelliJ IDEA Community Edition 2023.1\bin

VM Arguments:
jvm_args: -javaagent:C:\Program Files\JetBrains\IntelliJ IDEA Community Edition 2023.1\lib\idea_rt.jar=50183:C:\Program Files\JetBrains\IntelliJ IDEA Community Edition 2023.1\bin -Dfile.encoding=UTF-8 
java_command: com.project.WarmyHomesApplication
java_class_path (initial): C:\Users\Asude\IdeaProjects\WarmyHomesAPI\Warmy-Homes\target\classes;C:\Users\Asude\.m2\repository\org\springframework\boot\spring-boot-starter-data-jpa\2.7.5\spring-boot-starter-data-jpa-2.7.5.jar;C:\Users\Asude\.m2\repository\org\springframework\boot\spring-boot-starter-aop\2.7.5\spring-boot-starter-aop-2.7.5.jar;C:\Users\Asude\.m2\repository\org\aspectj\aspectjweaver\1.9.7\aspectjweaver-1.9.7.jar;C:\Users\Asude\.m2\repository\org\springframework\boot\spring-boot-starter-jdbc\2.7.5\spring-boot-starter-jdbc-2.7.5.jar;C:\Users\Asude\.m2\repository\com\zaxxer\HikariCP\4.0.3\HikariCP-4.0.3.jar;C:\Users\Asude\.m2\repository\org\springframework\spring-jdbc\5.3.23\spring-jdbc-5.3.23.jar;C:\Users\Asude\.m2\repository\jakarta\transaction\jakarta.transaction-api\1.3.3\jakarta.transaction-api-1.3.3.jar;C:\Users\Asude\.m2\repository\jakarta\persistence\jakarta.persistence-api\2.2.3\jakarta.persistence-api-2.2.3.jar;C:\Users\Asude\.m2\repository\org\hibernate\hibernate-core\5.6.12.Final\hibernate-core-5.6.12.Final.jar;C:\Users\Asude\.m2\repository\org\jboss\logging\jboss-logging\3.4.3.Final\jboss-logging-3.4.3.Final.jar;C:\Users\Asude\.m2\repository\net\bytebuddy\byte-buddy\1.12.18\byte-buddy-1.12.18.jar;C:\Users\Asude\.m2\repository\antlr\antlr\2.7.7\antlr-2.7.7.jar;C:\Users\Asude\.m2\repository\org\jboss\jandex\2.4.2.Final\jandex-2.4.2.Final.jar;C:\Users\Asude\.m2\repository\com\fasterxml\classmate\1.5.1\classmate-1.5.1.jar;C:\Users\Asude\.m2\repository\org\hibernate\common\hibernate-commons-annotations\5.1.2.Final\hibernate-commons-annotations-5.1.2.Final.jar;C:\Users\Asude\.m2\repository\org\glassfish\jaxb\jaxb-runtime\2.3.7\jaxb-runtime-2.3.7.jar;C:\Users\Asude\.m2\repository\org\glassfish\jaxb\txw2\2.3.7\txw2-2.3.7.jar;C:\Users\Asude\.m2\repository\com\sun\istack\istack-commons-runtime\3.0.12\istack-commons-runtime-3.0.12.jar;C:\Users\Asude\.m2\repository\org\springframework\data\spring-data-jpa\2.7.5\spring-data-jpa-2.7.5.jar;C:\Users\Asude\
Launcher Type: SUN_STANDARD

[Global flags]
     intx CICompilerCount                          = 3                                         {product} {ergonomic}
     uint ConcGCThreads                            = 1                                         {product} {ergonomic}
     uint G1ConcRefinementThreads                  = 4                                         {product} {ergonomic}
   size_t G1HeapRegionSize                         = 1048576                                   {product} {ergonomic}
    uintx GCDrainStackTargetSize                   = 64                                        {product} {ergonomic}
   size_t InitialHeapSize                          = 58720256                                  {product} {ergonomic}
   size_t MarkStackSize                            = 4194304                                   {product} {ergonomic}
   size_t MaxHeapSize                              = 908066816                                 {product} {ergonomic}
   size_t MaxNewSize                               = 544210944                                 {product} {ergonomic}
   size_t MinHeapDeltaBytes                        = 1048576                                   {product} {ergonomic}
   size_t MinHeapSize                              = 8388608                                   {product} {ergonomic}
    uintx NonNMethodCodeHeapSize                   = 5832780                                {pd product} {ergonomic}
    uintx NonProfiledCodeHeapSize                  = 122912730                              {pd product} {ergonomic}
    uintx ProfiledCodeHeapSize                     = 122912730                              {pd product} {ergonomic}
    uintx ReservedCodeCacheSize                    = 251658240                              {pd product} {ergonomic}
     bool SegmentedCodeCache                       = true                                      {product} {ergonomic}
   size_t SoftMaxHeapSize                          = 908066816                              {manageable} {ergonomic}
     bool UseCompressedClassPointers               = true                           {product lp64_product} {ergonomic}
     bool UseCompressedOops                        = true                           {product lp64_product} {ergonomic}
     bool UseG1GC                                  = true                                      {product} {ergonomic}
     bool UseLargePagesIndividualAllocation        = false                                  {pd product} {ergonomic}

Logging:
Log output configuration:
 #0: stdout all=warning uptime,level,tags
 #1: stderr all=off uptime,level,tags

Environment Variables:
PATH=C:\Program Files\Common Files\Oracle\Java\javapath;C:\Program Files (x86)\Common Files\Oracle\Java\javapath;C:\Program Files\Zulu\zulu-19\bin\;C:\WINDOWS\system32;C:\WINDOWS;C:\WINDOWS\System32\Wbem;C:\WINDOWS\System32\WindowsPowerShell\v1.0\;C:\WINDOWS\System32\OpenSSH\;C:\Program Files\nodejs\;C:\Program Files\Git\cmd;C:\Users\Asude\AppData\Local\Microsoft\WindowsApps;C:\Program Files\sfdx\bin;C:\Users\Asude\AppData\Local\Programs\Microsoft VS Code\bin;C:\Program Files\Java\jdk-11\bin;C:\Users\Asude\AppData\Roaming\npm
USERNAME=Asude
OS=Windows_NT
PROCESSOR_IDENTIFIER=AMD64 Family 23 Model 24 Stepping 1, AuthenticAMD



---------------  S Y S T E M  ---------------

OS:
 Windows 11 , 64 bit Build 22621 (10.0.22621.3374)
OS uptime: 0 days 0:14 hours

CPU: total 4 (initial active 4) (4 cores per cpu, 2 threads per core) family 23 model 24 stepping 1 microcode 0x0, cx8, cmov, fxsr, ht, mmx, 3dnowpref, sse, sse2, sse3, ssse3, sse4a, sse4.1, sse4.2, popcnt, lzcnt, tsc, tscinvbit, avx, avx2, aes, clmul, bmi1, bmi2, adx, sha, fma, vzeroupper, clflush, clflushopt

Memory: 4k page, system-wide physical 3463M (185M free)
TotalPageFile size 10101M (AvailPageFile size 4M)
current process WorkingSet (physical memory assigned to process): 160M, peak: 160M
current process commit charge ("private bytes"): 196M, peak: 197M

vm_info: Java HotSpot(TM) 64-Bit Server VM (17.0.7+8-LTS-224) for windows-amd64 JRE (17.0.7+8-LTS-224), built on Feb 28 2023 23:03:02 by "mach5one" with MS VC++ 17.1 (VS2022)

END.
